New bot detected
Date: 8 августа 2023 13:35:29
Domain: test.sadovod-oleg.ru
Refferer: https://test.sadovod-oleg.ru/wp-admin/edit.php?post_type=page
User Agent: Mozilla/5.0 (Windows NT 10.0; Win64; x64) AppleWebKit/537.36 (KHTML, like Gecko) Chrome/109.0.0.0 Safari/537.36
Http host: test.sadovod-oleg.ru
Remote: 185.16.28.28
Script: /var/www/u0849612/data/www/test.sadovod-oleg.ru/wp-admin/edit.php
Request: /wp-admin/edit.php?s=%09+%D0%A3%D1%81%D0%BB%D1%83%D0%B3%D0%B8&post_status=all&post_type=page&_wpnonce=19308e244c&_wp_http_referer=%2Fwp-admin%2Fedit.php%3Fpost_type%3Dpage&action=-1&m=0&paged=1&action2=-1
Root: /var/www/u0849612/data/www/test.sadovod-oleg.ru
-------------------------------------
New bot detected
Date: 8 августа 2023 13:35:44
Domain: test.sadovod-oleg.ru
Refferer: https://test.sadovod-oleg.ru/wp-admin/edit.php?post_type=page
User Agent: Mozilla/5.0 (Windows NT 10.0; Win64; x64) AppleWebKit/537.36 (KHTML, like Gecko) Chrome/109.0.0.0 Safari/537.36
Http host: test.sadovod-oleg.ru
Remote: 185.16.28.28
Script: /var/www/u0849612/data/www/test.sadovod-oleg.ru/wp-admin/edit.php
Request: /wp-admin/edit.php?s=%09+%D0%A3%D1%81%D0%BB%D1%83%D0%B3%D0%B8&post_status=all&post_type=page&_wpnonce=19308e244c&_wp_http_referer=%2Fwp-admin%2Fedit.php%3Fpost_type%3Dpage&action=-1&m=0&paged=1&action2=-1
Root: /var/www/u0849612/data/www/test.sadovod-oleg.ru
-------------------------------------
New bot detected
Date: 13 августа 2023 13:17:44
Domain: test.sadovod-oleg.ru
Refferer: 
User Agent: Mozilla/5.0 (Windows NT 10.0; Win64; x64) AppleWebKit/537.36 (KHTML, like Gecko) Chrome/114.0.0.0 Safari/537.36
Http host: test.sadovod-oleg.ru
Remote: 45.140.17.38
Script: /var/www/u0849612/data/www/test.sadovod-oleg.ru/index.php
Request: /wordpress/xmlrpc.php
Root: /var/www/u0849612/data/www/test.sadovod-oleg.ru
-------------------------------------
New bot detected
Date: 13 августа 2023 13:17:44
Domain: test.sadovod-oleg.ru
Refferer: 
User Agent: Mozilla/5.0 (Windows NT 10.0; Win64; x64) AppleWebKit/537.36 (KHTML, like Gecko) Chrome/114.0.0.0 Safari/537.36
Http host: test.sadovod-oleg.ru
Remote: 45.140.17.38
Script: /var/www/u0849612/data/www/test.sadovod-oleg.ru/index.php
Request: /wordpress/xmlrpc.php
Root: /var/www/u0849612/data/www/test.sadovod-oleg.ru
-------------------------------------
New bot detected
Date: 26 августа 2023 05:08:05
Domain: test.sadovod-oleg.ru
Refferer: 
User Agent: Go-http-client/1.1
Http host: test.sadovod-oleg.ru
Remote: 77.48.28.204
Script: /var/www/u0849612/data/www/test.sadovod-oleg.ru/index.php
Request: /.DS_Store
Root: /var/www/u0849612/data/www/test.sadovod-oleg.ru
-------------------------------------
New bot detected
Date: 26 августа 2023 05:08:06
Domain: test.sadovod-oleg.ru
Refferer: 
User Agent: Go-http-client/1.1
Http host: test.sadovod-oleg.ru
Remote: 15.204.218.40
Script: /var/www/u0849612/data/www/test.sadovod-oleg.ru/index.php
Request: /.git/config
Root: /var/www/u0849612/data/www/test.sadovod-oleg.ru
-------------------------------------
New bot detected
Date: 26 августа 2023 05:08:37
Domain: test.sadovod-oleg.ru
Refferer: 
User Agent: Go-http-client/1.1
Http host: test.sadovod-oleg.ru
Remote: 144.172.118.49
Script: /var/www/u0849612/data/www/test.sadovod-oleg.ru/index.php
Request: /.DS_Store
Root: /var/www/u0849612/data/www/test.sadovod-oleg.ru
-------------------------------------
New bot detected
Date: 26 августа 2023 05:08:51
Domain: test.sadovod-oleg.ru
Refferer: http://test.sadovod-oleg.ru/.git/config
User Agent: Go-http-client/1.1
Http host: test.sadovod-oleg.ru
Remote: 107.189.13.184
Script: /var/www/u0849612/data/www/test.sadovod-oleg.ru/index.php
Request: /.git/config
Root: /var/www/u0849612/data/www/test.sadovod-oleg.ru
-------------------------------------
New bot detected
Date: 30 августа 2023 18:31:53
Domain: test.sadovod-oleg.ru
Refferer: https://test.sadovod-oleg.ru/blog/
User Agent: Mozilla/5.0 (Macintosh; Intel Mac OS X 10_15_7) AppleWebKit/537.36 (KHTML, like Gecko) Chrome/115.0.0.0 Safari/537.36
Http host: test.sadovod-oleg.ru
Remote: 91.215.251.203
Script: /var/www/u0849612/data/www/test.sadovod-oleg.ru/index.php
Request: /blog/%3C?php%20echo%20admin_url(%20%22admin-ajax.php%22%20)%20?%3E
Root: /var/www/u0849612/data/www/test.sadovod-oleg.ru
-------------------------------------
New bot detected
Date: 30 августа 2023 18:31:59
Domain: test.sadovod-oleg.ru
Refferer: https://test.sadovod-oleg.ru/blog/
User Agent: Mozilla/5.0 (Macintosh; Intel Mac OS X 10_15_7) AppleWebKit/537.36 (KHTML, like Gecko) Chrome/115.0.0.0 Safari/537.36
Http host: test.sadovod-oleg.ru
Remote: 91.215.251.203
Script: /var/www/u0849612/data/www/test.sadovod-oleg.ru/index.php
Request: /blog/%3C?php%20echo%20admin_url(%20%22admin-ajax.php%22%20)%20?%3E
Root: /var/www/u0849612/data/www/test.sadovod-oleg.ru
-------------------------------------
New bot detected
Date: 30 августа 2023 19:03:48
Domain: test.sadovod-oleg.ru
Refferer: https://test.sadovod-oleg.ru/blog/
User Agent: Mozilla/5.0 (Macintosh; Intel Mac OS X 10_15_7) AppleWebKit/537.36 (KHTML, like Gecko) Chrome/115.0.0.0 Safari/537.36
Http host: test.sadovod-oleg.ru
Remote: 91.215.251.203
Script: /var/www/u0849612/data/www/test.sadovod-oleg.ru/index.php
Request: /blog/%3C?php%20echo%20admin_url(%20%22admin-ajax.php%22%20)%20?%3E
Root: /var/www/u0849612/data/www/test.sadovod-oleg.ru
-------------------------------------
New bot detected
Date: 30 августа 2023 19:07:33
Domain: test.sadovod-oleg.ru
Refferer: https://test.sadovod-oleg.ru/blog/
User Agent: Mozilla/5.0 (Macintosh; Intel Mac OS X 10_15_7) AppleWebKit/537.36 (KHTML, like Gecko) Chrome/115.0.0.0 Safari/537.36
Http host: test.sadovod-oleg.ru
Remote: 91.215.251.203
Script: /var/www/u0849612/data/www/test.sadovod-oleg.ru/index.php
Request: /blog/%3C?php%20echo%20admin_url(%20%22admin-ajax.php%22%20)%20?%3E
Root: /var/www/u0849612/data/www/test.sadovod-oleg.ru
-------------------------------------
New bot detected
Date: 30 августа 2023 19:08:47
Domain: test.sadovod-oleg.ru
Refferer: https://test.sadovod-oleg.ru/blog/
User Agent: Mozilla/5.0 (Macintosh; Intel Mac OS X 10_15_7) AppleWebKit/537.36 (KHTML, like Gecko) Chrome/115.0.0.0 Safari/537.36
Http host: test.sadovod-oleg.ru
Remote: 91.215.251.203
Script: /var/www/u0849612/data/www/test.sadovod-oleg.ru/index.php
Request: /blog/%3C?php%20echo%20admin_url(%20%22admin-ajax.php%22%20)%20?%3E
Root: /var/www/u0849612/data/www/test.sadovod-oleg.ru
-------------------------------------
New bot detected
Date: 30 августа 2023 19:10:38
Domain: test.sadovod-oleg.ru
Refferer: https://test.sadovod-oleg.ru/blog/
User Agent: Mozilla/5.0 (Macintosh; Intel Mac OS X 10_15_7) AppleWebKit/537.36 (KHTML, like Gecko) Chrome/115.0.0.0 Safari/537.36
Http host: test.sadovod-oleg.ru
Remote: 91.215.251.203
Script: /var/www/u0849612/data/www/test.sadovod-oleg.ru/index.php
Request: /blog/%3C?php%20echo%20admin_url(%20%22admin-ajax.php%22%20)%20?%3E
Root: /var/www/u0849612/data/www/test.sadovod-oleg.ru
-------------------------------------
New bot detected
Date: 30 августа 2023 19:10:52
Domain: test.sadovod-oleg.ru
Refferer: https://test.sadovod-oleg.ru/blog/
User Agent: Mozilla/5.0 (Macintosh; Intel Mac OS X 10_15_7) AppleWebKit/537.36 (KHTML, like Gecko) Chrome/115.0.0.0 Safari/537.36
Http host: test.sadovod-oleg.ru
Remote: 91.215.251.203
Script: /var/www/u0849612/data/www/test.sadovod-oleg.ru/index.php
Request: /blog/%3C?php%20echo%20admin_url(%20%22admin-ajax.php%22%20)%20?%3E
Root: /var/www/u0849612/data/www/test.sadovod-oleg.ru
-------------------------------------
New bot detected
Date: 30 августа 2023 19:10:57
Domain: test.sadovod-oleg.ru
Refferer: https://test.sadovod-oleg.ru/blog/
User Agent: Mozilla/5.0 (Macintosh; Intel Mac OS X 10_15_7) AppleWebKit/537.36 (KHTML, like Gecko) Chrome/115.0.0.0 Safari/537.36
Http host: test.sadovod-oleg.ru
Remote: 91.215.251.203
Script: /var/www/u0849612/data/www/test.sadovod-oleg.ru/index.php
Request: /blog/%3C?php%20echo%20admin_url(%20%22admin-ajax.php%22%20)%20?%3E
Root: /var/www/u0849612/data/www/test.sadovod-oleg.ru
-------------------------------------
New bot detected
Date: 30 августа 2023 19:14:00
Domain: test.sadovod-oleg.ru
Refferer: https://test.sadovod-oleg.ru/blog/
User Agent: Mozilla/5.0 (Macintosh; Intel Mac OS X 10_15_7) AppleWebKit/537.36 (KHTML, like Gecko) Chrome/115.0.0.0 Safari/537.36
Http host: test.sadovod-oleg.ru
Remote: 91.215.251.203
Script: /var/www/u0849612/data/www/test.sadovod-oleg.ru/index.php
Request: /blog/%3C?php%20echo%20admin_url(%20%22admin-ajax.php%22%20)%20?%3E
Root: /var/www/u0849612/data/www/test.sadovod-oleg.ru
-------------------------------------
New bot detected
Date: 31 августа 2023 01:41:45
Domain: test.sadovod-oleg.ru
Refferer: https://test.sadovod-oleg.ru/
User Agent: Mozilla/5.0 (Windows NT 10.0; Win64; x64) AppleWebKit/537.36 (KHTML, like Gecko) Chrome/116.0.0.0 Safari/537.36
Http host: test.sadovod-oleg.ru
Remote: 185.16.31.231
Script: /var/www/u0849612/data/www/test.sadovod-oleg.ru/index.php
Request: /%3Cbr
Root: /var/www/u0849612/data/www/test.sadovod-oleg.ru
-------------------------------------
New bot detected
Date: 4 сентября 2023 14:13:31
Domain: test.sadovod-oleg.ru
Refferer: https://test.sadovod-oleg.ru/wp-admin/edit.php
User Agent: Mozilla/5.0 (Windows NT 10.0; Win64; x64) AppleWebKit/537.36 (KHTML, like Gecko) Chrome/109.0.0.0 Safari/537.36
Http host: test.sadovod-oleg.ru
Remote: 185.16.28.28
Script: /var/www/u0849612/data/www/test.sadovod-oleg.ru/wp-admin/edit.php
Request: /wp-admin/edit.php?s=%D0%91%D0%B8%D1%82%D1%80%D0%B8%D0%BA%D1%8124+%D0%B4%D0%BB%D1%8F+%D1%81%D1%82%D1%80%D0%BE%D0%B8%D1%82%D0%B5%D0%BB%D1%8C%D0%BD%D0%BE%D0%B9+%D0%BA%D0%BE%D0%BC%D0%BF%D0%B0%D0%BD%D0%B8%D0%B8+-+%D0%BE%D1%86%D0%B8%D1%84%D1%80%D0%BE%D0%B2%D0%BA%D0%B0+%D0%B8+%D0%B0%D0%B2%D1%82%D0%BE%D0%BC%D0%B0%D1%82%D0%B8%D0%B7%D0%B0%D1%86%D0%B8%D1%8F+%D0%BF%D1%80%D0%BE%D0%B8%D0%B7%D0%B2%D0%BE%D0%B4%D1%81%D1%82%D0%B2%D0%B5%D0%BD%D0%BD%D1%8B%D1%85+%D0%BF%D1%80%D0%BE%D1%86%D0%B5%D1%81%D1%81%D0%BE%D0%B2%3C%2Fh1%3E%5Cr%5Cn%3Ch2%3E%D0%9A%D0%B5%D0%B9%D1%81%3A+%D0%BD%D0%B0%D1%81%D1%82%D1%80%D0%BE%D0%B9%D0%BA%D0%B0+%D0%91%D0%B8%D1%82%D1%80%D0%B8%D0%BA%D1%8124+%D0%B4%D0%BB%D1%8F+%D1%81%D1%82%D1%80%D0%BE%D0%B8%D1%82%D0%B5%D0%BB%D1%8C%D0%BD%D0%BE%D0%B9+%D0%BA%D0%BE%D0%BC%D0%BF%D0%B0%D0%BD%D0%B8%D0%B8%2C+%D1%83+%D0%BA%D0%BE%D1%82%D0%BE%D1%80%D0%BE%D0%B9+%D0%BD%D0%B5%D1%82+%D0%BF%D1%80%D0%BE%D0%B4%D0%B0%D0%B6%2C+%D0%B0+%D0%BD%D0%B5%D0%BE%D0%B1%D1%85%D0%BE%D0%B4%D0%B8%D0%BC%D0%B0+%D1%80%D0%B5%D0%B0%D0%BB%D0%B8%D0%B7%D0%B0%D1%86%D0%B8%D1%8F+%D0%BE%D1%86%D0%B8%D1%84%D1%80%D0%BE%D0%B2%D0%BA%D0%B8+%D0%B8+%D0%B0%D0%B2%D1%82%D0%BE%D0%BC%D0%B0%D1%82%D0%B8%D0%B7%D0%B0%D1%86%D0%B8%D0%B8+%D0%B2%D1%81%D0%B5%D1%85+%D0%BF%D1%80%D0%BE%D0%B8%D0%B7%D0%B2%D0%BE%D0%B4%D1%81%D1%82%D0%B2%D0%B5%D0%BD%D0%BD%D1%8B%D1%85+%D0%BF%D1%80%D0%BE%D1%86%D0%B5%D1%81%D1%81%D0%BE%D0%B2.&post_status=all&post_type=post&_wpnonce=b48d078fd2&_wp_http_referer=%2Fwp-admin%2Fedit.php&action=-1&m=0&cat=0&paged=1&action2=-1
Root: /var/www/u0849612/data/www/test.sadovod-oleg.ru
-------------------------------------
New bot detected
Date: 4 сентября 2023 14:14:03
Domain: test.sadovod-oleg.ru
Refferer: https://test.sadovod-oleg.ru/wp-admin/edit.php
User Agent: Mozilla/5.0 (Windows NT 10.0; Win64; x64) AppleWebKit/537.36 (KHTML, like Gecko) Chrome/109.0.0.0 Safari/537.36
Http host: test.sadovod-oleg.ru
Remote: 185.16.28.28
Script: /var/www/u0849612/data/www/test.sadovod-oleg.ru/wp-admin/edit.php
Request: /wp-admin/edit.php?s=%D0%91%D0%B8%D1%82%D1%80%D0%B8%D0%BA%D1%8124+%D0%B4%D0%BB%D1%8F+%D1%81%D1%82%D1%80%D0%BE%D0%B8%D1%82%D0%B5%D0%BB%D1%8C%D0%BD%D0%BE%D0%B9+%D0%BA%D0%BE%D0%BC%D0%BF%D0%B0%D0%BD%D0%B8%D0%B8+-+%D0%BE%D1%86%D0%B8%D1%84%D1%80%D0%BE%D0%B2%D0%BA%D0%B0+%D0%B8+%D0%B0%D0%B2%D1%82%D0%BE%D0%BC%D0%B0%D1%82%D0%B8%D0%B7%D0%B0%D1%86%D0%B8%D1%8F+%D0%BF%D1%80%D0%BE%D0%B8%D0%B7%D0%B2%D0%BE%D0%B4%D1%81%D1%82%D0%B2%D0%B5%D0%BD%D0%BD%D1%8B%D1%85+%D0%BF%D1%80%D0%BE%D1%86%D0%B5%D1%81%D1%81%D0%BE%D0%B2%3C%2Fh1%3E%5Cr%5Cn%3Ch2%3E%D0%9A%D0%B5%D0%B9%D1%81%3A+%D0%BD%D0%B0%D1%81%D1%82%D1%80%D0%BE%D0%B9%D0%BA%D0%B0+%D0%91%D0%B8%D1%82%D1%80%D0%B8%D0%BA%D1%8124+%D0%B4%D0%BB%D1%8F+%D1%81%D1%82%D1%80%D0%BE%D0%B8%D1%82%D0%B5%D0%BB%D1%8C%D0%BD%D0%BE%D0%B9+%D0%BA%D0%BE%D0%BC%D0%BF%D0%B0%D0%BD%D0%B8%D0%B8%2C+%D1%83+%D0%BA%D0%BE%D1%82%D0%BE%D1%80%D0%BE%D0%B9+%D0%BD%D0%B5%D1%82+%D0%BF%D1%80%D0%BE%D0%B4%D0%B0%D0%B6%2C+%D0%B0+%D0%BD%D0%B5%D0%BE%D0%B1%D1%85%D0%BE%D0%B4%D0%B8%D0%BC%D0%B0+%D1%80%D0%B5%D0%B0%D0%BB%D0%B8%D0%B7%D0%B0%D1%86%D0%B8%D1%8F+%D0%BE%D1%86%D0%B8%D1%84%D1%80%D0%BE%D0%B2%D0%BA%D0%B8+%D0%B8+%D0%B0%D0%B2%D1%82%D0%BE%D0%BC%D0%B0%D1%82%D0%B8%D0%B7%D0%B0%D1%86%D0%B8%D0%B8+%D0%B2%D1%81%D0%B5%D1%85+%D0%BF%D1%80%D0%BE%D0%B8%D0%B7%D0%B2%D0%BE%D0%B4%D1%81%D1%82%D0%B2%D0%B5%D0%BD%D0%BD%D1%8B%D1%85+%D0%BF%D1%80%D0%BE%D1%86%D0%B5%D1%81%D1%81%D0%BE%D0%B2.&post_status=all&post_type=post&_wpnonce=b48d078fd2&_wp_http_referer=%2Fwp-admin%2Fedit.php&action=-1&m=0&cat=0&paged=1&action2=-1
Root: /var/www/u0849612/data/www/test.sadovod-oleg.ru
-------------------------------------
New bot detected
Date: 4 сентября 2023 14:14:45
Domain: test.sadovod-oleg.ru
Refferer: https://test.sadovod-oleg.ru/wp-admin/edit.php
User Agent: Mozilla/5.0 (Windows NT 10.0; Win64; x64) AppleWebKit/537.36 (KHTML, like Gecko) Chrome/109.0.0.0 Safari/537.36
Http host: test.sadovod-oleg.ru
Remote: 185.16.28.28
Script: /var/www/u0849612/data/www/test.sadovod-oleg.ru/wp-admin/edit.php
Request: /wp-admin/edit.php?s=%D0%91%D0%B8%D1%82%D1%80%D0%B8%D0%BA%D1%8124+%D0%B4%D0%BB%D1%8F+%D1%81%D1%82%D1%80%D0%BE%D0%B8%D1%82%D0%B5%D0%BB%D1%8C%D0%BD%D0%BE%D0%B9+%D0%BA%D0%BE%D0%BC%D0%BF%D0%B0%D0%BD%D0%B8%D0%B8+&post_status=all&post_type=post&_wpnonce=e972e2881e&_wp_http_referer=%2Fwp-admin%2Fedit.php&action=-1&m=0&cat=0&paged=1&action2=-1
Root: /var/www/u0849612/data/www/test.sadovod-oleg.ru
-------------------------------------
New bot detected
Date: 4 сентября 2023 14:15:14
Domain: test.sadovod-oleg.ru
Refferer: https://test.sadovod-oleg.ru/wp-admin/edit.php
User Agent: Mozilla/5.0 (Windows NT 10.0; Win64; x64) AppleWebKit/537.36 (KHTML, like Gecko) Chrome/109.0.0.0 Safari/537.36
Http host: test.sadovod-oleg.ru
Remote: 185.16.28.28
Script: /var/www/u0849612/data/www/test.sadovod-oleg.ru/wp-admin/edit.php
Request: /wp-admin/edit.php?s=%D0%91%D0%B8%D1%82%D1%80%D0%B8%D0%BA%D1%8124+%D0%B4%D0%BB%D1%8F+%D1%81%D1%82%D1%80%D0%BE%D0%B8%D1%82%D0%B5%D0%BB%D1%8C%D0%BD%D0%BE%D0%B9+%D0%BA%D0%BE%D0%BC%D0%BF%D0%B0%D0%BD%D0%B8%D0%B8+&post_status=all&post_type=post&_wpnonce=e972e2881e&_wp_http_referer=%2Fwp-admin%2Fedit.php&action=-1&m=0&cat=0&paged=1&action2=-1
Root: /var/www/u0849612/data/www/test.sadovod-oleg.ru
-------------------------------------
New bot detected
Date: 6 сентября 2023 13:03:56
Domain: test.sadovod-oleg.ru
Refferer: 
User Agent: WordPress/6.2.2; https://test.sadovod-oleg.ru
Http host: test.sadovod-oleg.ru
Remote: 31.31.198.114
Script: /var/www/u0849612/data/www/test.sadovod-oleg.ru/index.php
Request: /integraciya-sajta-na-wordpress-s-bitriks24-elementor-pro-form-widget-bitrix24-crm-integraciya/
Root: /var/www/u0849612/data/www/test.sadovod-oleg.ru
-------------------------------------
New bot detected
Date: 6 сентября 2023 13:04:58
Domain: test.sadovod-oleg.ru
Refferer: 
User Agent: WordPress/6.2.2; https://test.sadovod-oleg.ru
Http host: test.sadovod-oleg.ru
Remote: 31.31.198.114
Script: /var/www/u0849612/data/www/test.sadovod-oleg.ru/index.php
Request: /integraciya-sajta-na-wordpress-s-bitriks24-elementor-pro-form-widget-bitrix24-crm-integraciya/
Root: /var/www/u0849612/data/www/test.sadovod-oleg.ru
-------------------------------------
New bot detected
Date: 6 сентября 2023 13:05:43
Domain: test.sadovod-oleg.ru
Refferer: 
User Agent: WordPress/6.2.2; https://test.sadovod-oleg.ru
Http host: test.sadovod-oleg.ru
Remote: 31.31.198.114
Script: /var/www/u0849612/data/www/test.sadovod-oleg.ru/index.php
Request: /integraciya-sajta-na-wordpress-s-bitriks24-elementor-pro-form-widget-bitrix24-crm-integraciya/
Root: /var/www/u0849612/data/www/test.sadovod-oleg.ru
-------------------------------------
New bot detected
Date: 6 сентября 2023 13:06:27
Domain: test.sadovod-oleg.ru
Refferer: 
User Agent: WordPress/6.2.2; https://test.sadovod-oleg.ru
Http host: test.sadovod-oleg.ru
Remote: 31.31.198.114
Script: /var/www/u0849612/data/www/test.sadovod-oleg.ru/index.php
Request: /integraciya-sajta-na-wordpress-s-bitriks24-elementor-pro-form-widget-bitrix24-crm-integraciya/
Root: /var/www/u0849612/data/www/test.sadovod-oleg.ru
-------------------------------------
New bot detected
Date: 6 сентября 2023 13:06:41
Domain: test.sadovod-oleg.ru
Refferer: 
User Agent: WordPress/6.2.2; https://test.sadovod-oleg.ru
Http host: test.sadovod-oleg.ru
Remote: 31.31.198.114
Script: /var/www/u0849612/data/www/test.sadovod-oleg.ru/index.php
Request: /integraciya-sajta-na-wordpress-s-bitriks24-elementor-pro-form-widget-bitrix24-crm-integraciya/
Root: /var/www/u0849612/data/www/test.sadovod-oleg.ru
-------------------------------------
New bot detected
Date: 6 сентября 2023 13:11:41
Domain: test.sadovod-oleg.ru
Refferer: 
User Agent: WordPress/6.2.2; https://test.sadovod-oleg.ru
Http host: test.sadovod-oleg.ru
Remote: 31.31.198.114
Script: /var/www/u0849612/data/www/test.sadovod-oleg.ru/index.php
Request: /integraciya-sajta-na-wordpress-s-bitriks24-elementor-pro-form-widget-bitrix24-crm-integraciya/
Root: /var/www/u0849612/data/www/test.sadovod-oleg.ru
-------------------------------------
New bot detected
Date: 6 сентября 2023 13:12:24
Domain: test.sadovod-oleg.ru
Refferer: 
User Agent: WordPress/6.2.2; https://test.sadovod-oleg.ru
Http host: test.sadovod-oleg.ru
Remote: 31.31.198.114
Script: /var/www/u0849612/data/www/test.sadovod-oleg.ru/index.php
Request: /integraciya-sajta-na-wordpress-s-bitriks24-elementor-pro-form-widget-bitrix24-crm-integraciya/
Root: /var/www/u0849612/data/www/test.sadovod-oleg.ru
-------------------------------------
New bot detected
Date: 6 сентября 2023 13:12:38
Domain: test.sadovod-oleg.ru
Refferer: 
User Agent: WordPress/6.2.2; https://test.sadovod-oleg.ru
Http host: test.sadovod-oleg.ru
Remote: 31.31.198.114
Script: /var/www/u0849612/data/www/test.sadovod-oleg.ru/index.php
Request: /integraciya-sajta-na-wordpress-s-bitriks24-elementor-pro-form-widget-bitrix24-crm-integraciya/
Root: /var/www/u0849612/data/www/test.sadovod-oleg.ru
-------------------------------------
New bot detected
Date: 6 сентября 2023 22:39:00
Domain: test.sadovod-oleg.ru
Refferer: 
User Agent: python-requests/2.31.0
Http host: test.sadovod-oleg.ru
Remote: 34.76.158.233
Script: /var/www/u0849612/data/www/test.sadovod-oleg.ru/index.php
Request: /
Root: /var/www/u0849612/data/www/test.sadovod-oleg.ru
-------------------------------------
New bot detected
Date: 9 сентября 2023 04:03:56
Domain: test.sadovod-oleg.ru
Refferer: 
User Agent: Go-http-client/1.1
Http host: test.sadovod-oleg.ru
Remote: 159.203.44.43
Script: /var/www/u0849612/data/www/test.sadovod-oleg.ru/index.php
Request: /.vscode/sftp.json
Root: /var/www/u0849612/data/www/test.sadovod-oleg.ru
-------------------------------------
New bot detected
Date: 9 сентября 2023 04:03:57
Domain: test.sadovod-oleg.ru
Refferer: 
User Agent: Go-http-client/1.1
Http host: test.sadovod-oleg.ru
Remote: 159.203.44.43
Script: /var/www/u0849612/data/www/test.sadovod-oleg.ru/index.php
Request: /about
Root: /var/www/u0849612/data/www/test.sadovod-oleg.ru
-------------------------------------
New bot detected
Date: 9 сентября 2023 04:03:57
Domain: test.sadovod-oleg.ru
Refferer: 
User Agent: Go-http-client/1.1
Http host: test.sadovod-oleg.ru
Remote: 159.203.44.43
Script: /var/www/u0849612/data/www/test.sadovod-oleg.ru/index.php
Request: /debug/default/view?panel=config
Root: /var/www/u0849612/data/www/test.sadovod-oleg.ru
-------------------------------------
New bot detected
Date: 9 сентября 2023 04:03:59
Domain: test.sadovod-oleg.ru
Refferer: 
User Agent: Go-http-client/1.1
Http host: test.sadovod-oleg.ru
Remote: 159.203.44.43
Script: /var/www/u0849612/data/www/test.sadovod-oleg.ru/index.php
Request: /v2/_catalog
Root: /var/www/u0849612/data/www/test.sadovod-oleg.ru
-------------------------------------
New bot detected
Date: 9 сентября 2023 04:04:00
Domain: test.sadovod-oleg.ru
Refferer: 
User Agent: Go-http-client/1.1
Http host: test.sadovod-oleg.ru
Remote: 159.203.44.43
Script: /var/www/u0849612/data/www/test.sadovod-oleg.ru/index.php
Request: /ecp/Current/exporttool/microsoft.exchange.ediscovery.exporttool.application
Root: /var/www/u0849612/data/www/test.sadovod-oleg.ru
-------------------------------------
New bot detected
Date: 9 сентября 2023 04:04:00
Domain: test.sadovod-oleg.ru
Refferer: 
User Agent: Go-http-client/1.1
Http host: test.sadovod-oleg.ru
Remote: 159.203.44.43
Script: /var/www/u0849612/data/www/test.sadovod-oleg.ru/index.php
Request: /server-status
Root: /var/www/u0849612/data/www/test.sadovod-oleg.ru
-------------------------------------
New bot detected
Date: 9 сентября 2023 04:04:01
Domain: test.sadovod-oleg.ru
Refferer: 
User Agent: Go-http-client/1.1
Http host: test.sadovod-oleg.ru
Remote: 159.203.44.43
Script: /var/www/u0849612/data/www/test.sadovod-oleg.ru/index.php
Request: /login.action
Root: /var/www/u0849612/data/www/test.sadovod-oleg.ru
-------------------------------------
New bot detected
Date: 9 сентября 2023 04:04:02
Domain: test.sadovod-oleg.ru
Refferer: 
User Agent: Go-http-client/1.1
Http host: test.sadovod-oleg.ru
Remote: 159.203.44.43
Script: /var/www/u0849612/data/www/test.sadovod-oleg.ru/index.php
Request: /.DS_Store
Root: /var/www/u0849612/data/www/test.sadovod-oleg.ru
-------------------------------------
New bot detected
Date: 9 сентября 2023 04:04:02
Domain: test.sadovod-oleg.ru
Refferer: 
User Agent: Go-http-client/1.1
Http host: test.sadovod-oleg.ru
Remote: 159.203.44.43
Script: /var/www/u0849612/data/www/test.sadovod-oleg.ru/index.php
Request: /.env
Root: /var/www/u0849612/data/www/test.sadovod-oleg.ru
-------------------------------------
New bot detected
Date: 9 сентября 2023 04:04:03
Domain: test.sadovod-oleg.ru
Refferer: 
User Agent: Go-http-client/1.1
Http host: test.sadovod-oleg.ru
Remote: 159.203.44.43
Script: /var/www/u0849612/data/www/test.sadovod-oleg.ru/index.php
Request: /.git/config
Root: /var/www/u0849612/data/www/test.sadovod-oleg.ru
-------------------------------------
New bot detected
Date: 9 сентября 2023 04:04:04
Domain: test.sadovod-oleg.ru
Refferer: 
User Agent: Go-http-client/1.1
Http host: test.sadovod-oleg.ru
Remote: 159.203.44.43
Script: /var/www/u0849612/data/www/test.sadovod-oleg.ru/index.php
Request: /s/431313e2839313e21333e21333/_/;/META-INF/maven/com.atlassian.jira/jira-webapp-dist/pom.properties
Root: /var/www/u0849612/data/www/test.sadovod-oleg.ru
-------------------------------------
New bot detected
Date: 9 сентября 2023 04:04:04
Domain: test.sadovod-oleg.ru
Refferer: 
User Agent: Go-http-client/1.1
Http host: test.sadovod-oleg.ru
Remote: 159.203.44.43
Script: /var/www/u0849612/data/www/test.sadovod-oleg.ru/index.php
Request: /config.json
Root: /var/www/u0849612/data/www/test.sadovod-oleg.ru
-------------------------------------
New bot detected
Date: 9 сентября 2023 04:04:05
Domain: test.sadovod-oleg.ru
Refferer: 
User Agent: Go-http-client/1.1
Http host: test.sadovod-oleg.ru
Remote: 159.203.44.43
Script: /var/www/u0849612/data/www/test.sadovod-oleg.ru/index.php
Request: /telescope/requests
Root: /var/www/u0849612/data/www/test.sadovod-oleg.ru
-------------------------------------
New bot detected
Date: 9 сентября 2023 04:04:05
Domain: test.sadovod-oleg.ru
Refferer: 
User Agent: Go-http-client/1.1
Http host: test.sadovod-oleg.ru
Remote: 159.203.44.43
Script: /var/www/u0849612/data/www/test.sadovod-oleg.ru/index.php
Request: /?rest_route=/wp/v2/users/
Root: /var/www/u0849612/data/www/test.sadovod-oleg.ru
-------------------------------------
New bot detected
Date: 9 сентября 2023 04:04:57
Domain: test.sadovod-oleg.ru
Refferer: 
User Agent: Mozilla/5.0 zgrab/0.x
Http host: test.sadovod-oleg.ru
Remote: 171.67.70.229
Script: /var/www/u0849612/data/www/test.sadovod-oleg.ru/index.php
Request: /
Root: /var/www/u0849612/data/www/test.sadovod-oleg.ru
-------------------------------------
New bot detected
Date: 9 сентября 2023 04:12:14
Domain: test.sadovod-oleg.ru
Refferer: 
User Agent: Mozilla/5.0 zgrab/0.x
Http host: test.sadovod-oleg.ru
Remote: 171.67.70.229
Script: /var/www/u0849612/data/www/test.sadovod-oleg.ru/index.php
Request: /
Root: /var/www/u0849612/data/www/test.sadovod-oleg.ru
-------------------------------------
New bot detected
Date: 9 сентября 2023 22:39:19
Domain: test.sadovod-oleg.ru
Refferer: 
User Agent: Mozilla/5.0 (Windows NT 10.0; Win64; x64) AppleWebKit/537.36 (KHTML, like Gecko) Chrome/99.0.4844.84 Safari/537.36 OPR/85.0.4341.75
Http host: test.sadovod-oleg.ru
Remote: 3.21.162.84
Script: /var/www/u0849612/data/www/test.sadovod-oleg.ru/index.php
Request: /lib../.git/config
Root: /var/www/u0849612/data/www/test.sadovod-oleg.ru
-------------------------------------
New bot detected
Date: 9 сентября 2023 22:39:21
Domain: test.sadovod-oleg.ru
Refferer: 
User Agent: Mozilla/5.0 (X11; Linux x86_64) AppleWebKit/537.36 (KHTML, like Gecko) Chrome/91.0.4472.114 Safari/537.36
Http host: test.sadovod-oleg.ru
Remote: 3.21.162.84
Script: /var/www/u0849612/data/www/test.sadovod-oleg.ru/index.php
Request: /events../.git/config
Root: /var/www/u0849612/data/www/test.sadovod-oleg.ru
-------------------------------------
New bot detected
Date: 9 сентября 2023 22:39:21
Domain: test.sadovod-oleg.ru
Refferer: 
User Agent: Opera/9.80 (Windows NT 6.0) Presto/2.12.388 Version/12.14
Http host: test.sadovod-oleg.ru
Remote: 3.21.162.84
Script: /var/www/u0849612/data/www/test.sadovod-oleg.ru/index.php
Request: /assets../.git/config
Root: /var/www/u0849612/data/www/test.sadovod-oleg.ru
-------------------------------------
New bot detected
Date: 9 сентября 2023 22:39:21
Domain: test.sadovod-oleg.ru
Refferer: 
User Agent: Mozilla/5.0 (Macintosh; Intel Mac OS X 10_15_7) AppleWebKit/537.36 (KHTML, like Gecko) Chrome/102.0.4972.0 Safari/537.36
Http host: test.sadovod-oleg.ru
Remote: 3.21.162.84
Script: /var/www/u0849612/data/www/test.sadovod-oleg.ru/index.php
Request: /css../.git/config
Root: /var/www/u0849612/data/www/test.sadovod-oleg.ru
-------------------------------------
New bot detected
Date: 9 сентября 2023 22:39:21
Domain: test.sadovod-oleg.ru
Refferer: 
User Agent: Mozilla/5.0 (Linux; Android 10; ONEPLUS A5010) AppleWebKit/537.36 (KHTML, like Gecko) Chrome/101.0.4951.61 Mobile Safari/537.36
Http host: test.sadovod-oleg.ru
Remote: 3.21.162.84
Script: /var/www/u0849612/data/www/test.sadovod-oleg.ru/index.php
Request: /js../.git/config
Root: /var/www/u0849612/data/www/test.sadovod-oleg.ru
-------------------------------------
New bot detected
Date: 9 сентября 2023 22:39:21
Domain: test.sadovod-oleg.ru
Refferer: 
User Agent: Mozilla/5.0 (Windows; U; Windows NT 5.1; en-US) AppleWebKit/531.21.8 (KHTML, like Gecko) Version/4.0.4 Safari/531.21.10
Http host: test.sadovod-oleg.ru
Remote: 3.21.162.84
Script: /var/www/u0849612/data/www/test.sadovod-oleg.ru/index.php
Request: /content../.git/config
Root: /var/www/u0849612/data/www/test.sadovod-oleg.ru
-------------------------------------
New bot detected
Date: 9 сентября 2023 22:39:22
Domain: test.sadovod-oleg.ru
Refferer: 
User Agent: Mozilla/5.0 (Macintosh; Intel Mac OS X 10_15_6) AppleWebKit/537.36 (KHTML, like Gecko) Chrome/101.0.4951.54 Safari/537.36
Http host: test.sadovod-oleg.ru
Remote: 3.21.162.84
Script: /var/www/u0849612/data/www/test.sadovod-oleg.ru/index.php
Request: /media../.git/config
Root: /var/www/u0849612/data/www/test.sadovod-oleg.ru
-------------------------------------
New bot detected
Date: 9 сентября 2023 22:39:22
Domain: test.sadovod-oleg.ru
Refferer: 
User Agent: Mozilla/5.0 (Windows NT 10.0; WOW64) AppleWebKit/537.36 (KHTML, like Gecko) Chrome/49.0.2623.87 Safari/537.36 OPR/36.0.2130.46
Http host: test.sadovod-oleg.ru
Remote: 3.21.162.84
Script: /var/www/u0849612/data/www/test.sadovod-oleg.ru/index.php
Request: /img../.git/config
Root: /var/www/u0849612/data/www/test.sadovod-oleg.ru
-------------------------------------
New bot detected
Date: 9 сентября 2023 22:39:22
Domain: test.sadovod-oleg.ru
Refferer: 
User Agent: Mozilla/5.0 (X11; U; FreeBSD i386; en-US) AppleWebKit/532.0 (KHTML, like Gecko) Chrome/4.0.207.0 Safari/532.0
Http host: test.sadovod-oleg.ru
Remote: 3.21.162.84
Script: /var/www/u0849612/data/www/test.sadovod-oleg.ru/index.php
Request: /images../.git/config
Root: /var/www/u0849612/data/www/test.sadovod-oleg.ru
-------------------------------------
New bot detected
Date: 9 сентября 2023 22:39:22
Domain: test.sadovod-oleg.ru
Refferer: 
User Agent: Mozilla/5.0 (Macintosh; Intel Mac OS X 10_15_6) AppleWebKit/537.36 (KHTML, like Gecko) Chrome/101.0.4951.54 Safari/537.36
Http host: test.sadovod-oleg.ru
Remote: 3.21.162.84
Script: /var/www/u0849612/data/www/test.sadovod-oleg.ru/index.php
Request: /media../.git/config
Root: /var/www/u0849612/data/www/test.sadovod-oleg.ru
-------------------------------------
New bot detected
Date: 9 сентября 2023 22:39:22
Domain: test.sadovod-oleg.ru
Refferer: 
User Agent: Mozilla/5.0 (X11; U; FreeBSD i386; en-US) AppleWebKit/532.0 (KHTML, like Gecko) Chrome/4.0.207.0 Safari/532.0
Http host: test.sadovod-oleg.ru
Remote: 3.21.162.84
Script: /var/www/u0849612/data/www/test.sadovod-oleg.ru/index.php
Request: /images../.git/config
Root: /var/www/u0849612/data/www/test.sadovod-oleg.ru
-------------------------------------
New bot detected
Date: 9 сентября 2023 22:39:22
Domain: test.sadovod-oleg.ru
Refferer: 
User Agent: Mozilla/5.0 (Windows NT 10.0; WOW64) AppleWebKit/537.36 (KHTML, like Gecko) Chrome/49.0.2623.87 Safari/537.36 OPR/36.0.2130.46
Http host: test.sadovod-oleg.ru
Remote: 3.21.162.84
Script: /var/www/u0849612/data/www/test.sadovod-oleg.ru/index.php
Request: /img../.git/config
Root: /var/www/u0849612/data/www/test.sadovod-oleg.ru
-------------------------------------
New bot detected
Date: 9 сентября 2023 22:39:22
Domain: test.sadovod-oleg.ru
Refferer: 
User Agent: SonyEricssonW810i/R4EA Browser/NetFront/3.3 Profile/MIDP-2.0 Configuration/CLDC-1.1 UP.Link/6.3.0.0.0
Http host: test.sadovod-oleg.ru
Remote: 18.188.80.114
Script: /var/www/u0849612/data/www/test.sadovod-oleg.ru/index.php
Request: /events../.git/config
Root: /var/www/u0849612/data/www/test.sadovod-oleg.ru
-------------------------------------
New bot detected
Date: 9 сентября 2023 22:39:22
Domain: test.sadovod-oleg.ru
Refferer: 
User Agent: Mozilla/5.0 (X11; U; Linux x86_64; en-US) AppleWebKit/540.0 (KHTML, like Gecko) Ubuntu/10.10 Chrome/9.1.0.0 Safari/540.0
Http host: test.sadovod-oleg.ru
Remote: 18.188.80.114
Script: /var/www/u0849612/data/www/test.sadovod-oleg.ru/index.php
Request: /img../.git/config
Root: /var/www/u0849612/data/www/test.sadovod-oleg.ru
-------------------------------------
New bot detected
Date: 9 сентября 2023 22:39:22
Domain: test.sadovod-oleg.ru
Refferer: 
User Agent: SonyEricssonW850i/R1ED Browser/NetFront/3.3 Profile/MIDP-2.0 Configuration/CLDC-1.1
Http host: test.sadovod-oleg.ru
Remote: 18.188.80.114
Script: /var/www/u0849612/data/www/test.sadovod-oleg.ru/index.php
Request: /static../.git/config
Root: /var/www/u0849612/data/www/test.sadovod-oleg.ru
-------------------------------------
New bot detected
Date: 9 сентября 2023 22:39:23
Domain: test.sadovod-oleg.ru
Refferer: 
User Agent: Mozilla/5.0 (X11; U; Linux i686; en-US; rv:1.9a3pre) Gecko/20070330
Http host: test.sadovod-oleg.ru
Remote: 3.21.162.84
Script: /var/www/u0849612/data/www/test.sadovod-oleg.ru/index.php
Request: /static../.git/config
Root: /var/www/u0849612/data/www/test.sadovod-oleg.ru
-------------------------------------
New bot detected
Date: 9 сентября 2023 22:39:23
Domain: test.sadovod-oleg.ru
Refferer: 
User Agent: Mozilla/5.0 (X11; U; Linux i686; en-US; rv:1.9a3pre) Gecko/20070330
Http host: test.sadovod-oleg.ru
Remote: 3.21.162.84
Script: /var/www/u0849612/data/www/test.sadovod-oleg.ru/index.php
Request: /static../.git/config
Root: /var/www/u0849612/data/www/test.sadovod-oleg.ru
-------------------------------------
New bot detected
Date: 9 сентября 2023 22:39:24
Domain: test.sadovod-oleg.ru
Refferer: 
User Agent: Mozilla/5.0 (X11; Linux x86_64) AppleWebKit/537.36 (KHTML, like Gecko) Chrome/89.0.4389.114 Safari/537.36
Http host: test.sadovod-oleg.ru
Remote: 18.188.80.114
Script: /var/www/u0849612/data/www/test.sadovod-oleg.ru/index.php
Request: /media../.git/config
Root: /var/www/u0849612/data/www/test.sadovod-oleg.ru
-------------------------------------
New bot detected
Date: 9 сентября 2023 22:39:24
Domain: test.sadovod-oleg.ru
Refferer: 
User Agent: Mozilla/5.0 (compatible; MSIE 10.0; Windows Phone 8.0; Trident/6.0; IEMobile/10.0; ARM; Touch; NOKIA; Lumia 920)
Http host: test.sadovod-oleg.ru
Remote: 18.188.80.114
Script: /var/www/u0849612/data/www/test.sadovod-oleg.ru/index.php
Request: /assets../.git/config
Root: /var/www/u0849612/data/www/test.sadovod-oleg.ru
-------------------------------------
New bot detected
Date: 9 сентября 2023 22:39:25
Domain: test.sadovod-oleg.ru
Refferer: 
User Agent: Mozilla/5.0 (Macintosh; Intel Mac OS X 10_15_6) AppleWebKit/537.36 (KHTML, like Gecko) Chrome/101.0.4951.64 Safari/537.36
Http host: test.sadovod-oleg.ru
Remote: 18.188.80.114
Script: /var/www/u0849612/data/www/test.sadovod-oleg.ru/index.php
Request: /images../.git/config
Root: /var/www/u0849612/data/www/test.sadovod-oleg.ru
-------------------------------------
New bot detected
Date: 9 сентября 2023 22:39:25
Domain: test.sadovod-oleg.ru
Refferer: 
User Agent: Mozilla/5.0 (Macintosh; Intel Mac OS X 10_15_6) AppleWebKit/537.36 (KHTML, like Gecko) Chrome/101.0.4951.64 Safari/537.36
Http host: test.sadovod-oleg.ru
Remote: 18.188.80.114
Script: /var/www/u0849612/data/www/test.sadovod-oleg.ru/index.php
Request: /images../.git/config
Root: /var/www/u0849612/data/www/test.sadovod-oleg.ru
-------------------------------------
New bot detected
Date: 9 сентября 2023 22:39:26
Domain: test.sadovod-oleg.ru
Refferer: 
User Agent: Mozilla/5.0 (Windows NT 10.0; Win64; x64) AppleWebKit/537.36 (KHTML, like Gecko) Chrome/99.0.4844.82 Safari/537.36
Http host: test.sadovod-oleg.ru
Remote: 18.188.80.114
Script: /var/www/u0849612/data/www/test.sadovod-oleg.ru/index.php
Request: /lib../.git/config
Root: /var/www/u0849612/data/www/test.sadovod-oleg.ru
-------------------------------------
New bot detected
Date: 9 сентября 2023 22:39:26
Domain: test.sadovod-oleg.ru
Refferer: 
User Agent: Mozilla/5.0 (Windows NT 10.0; Win64; x64) AppleWebKit/537.36 (KHTML, like Gecko) Chrome/99.0.4844.82 Safari/537.36
Http host: test.sadovod-oleg.ru
Remote: 18.188.80.114
Script: /var/www/u0849612/data/www/test.sadovod-oleg.ru/index.php
Request: /lib../.git/config
Root: /var/www/u0849612/data/www/test.sadovod-oleg.ru
-------------------------------------
New bot detected
Date: 9 сентября 2023 22:39:27
Domain: test.sadovod-oleg.ru
Refferer: 
User Agent: Mozilla/5.0 (compatible; Konqueror/4.4; Linux 2.6.32-22-generic; X11; en_US) KHTML/4.4.3 (like Gecko) Kubuntu
Http host: test.sadovod-oleg.ru
Remote: 18.188.80.114
Script: /var/www/u0849612/data/www/test.sadovod-oleg.ru/index.php
Request: /css../.git/config
Root: /var/www/u0849612/data/www/test.sadovod-oleg.ru
-------------------------------------
New bot detected
Date: 9 сентября 2023 22:39:27
Domain: test.sadovod-oleg.ru
Refferer: 
User Agent: MOT-L7v/08.B7.5DR MIB/2.2.1 Profile/MIDP-2.0 Configuration/CLDC-1.1 UP.Link/6.3.0.0.0
Http host: test.sadovod-oleg.ru
Remote: 18.188.80.114
Script: /var/www/u0849612/data/www/test.sadovod-oleg.ru/index.php
Request: /content../.git/config
Root: /var/www/u0849612/data/www/test.sadovod-oleg.ru
-------------------------------------
New bot detected
Date: 9 сентября 2023 22:39:27
Domain: test.sadovod-oleg.ru
Refferer: 
User Agent: Mozilla/5.0 (compatible; MSIE 9.0; Windows Phone OS 7.5; Trident/5.0; IEMobile/9.0)
Http host: test.sadovod-oleg.ru
Remote: 18.188.80.114
Script: /var/www/u0849612/data/www/test.sadovod-oleg.ru/index.php
Request: /js../.git/config
Root: /var/www/u0849612/data/www/test.sadovod-oleg.ru
-------------------------------------
New bot detected
Date: 9 сентября 2023 22:39:27
Domain: test.sadovod-oleg.ru
Refferer: 
User Agent: MOT-L7v/08.B7.5DR MIB/2.2.1 Profile/MIDP-2.0 Configuration/CLDC-1.1 UP.Link/6.3.0.0.0
Http host: test.sadovod-oleg.ru
Remote: 18.188.80.114
Script: /var/www/u0849612/data/www/test.sadovod-oleg.ru/index.php
Request: /content../.git/config
Root: /var/www/u0849612/data/www/test.sadovod-oleg.ru
-------------------------------------
New bot detected
Date: 9 сентября 2023 22:39:27
Domain: test.sadovod-oleg.ru
Refferer: 
User Agent: Mozilla/5.0 (compatible; Konqueror/4.4; Linux 2.6.32-22-generic; X11; en_US) KHTML/4.4.3 (like Gecko) Kubuntu
Http host: test.sadovod-oleg.ru
Remote: 18.188.80.114
Script: /var/www/u0849612/data/www/test.sadovod-oleg.ru/index.php
Request: /css../.git/config
Root: /var/www/u0849612/data/www/test.sadovod-oleg.ru
-------------------------------------
New bot detected
Date: 9 сентября 2023 22:39:27
Domain: test.sadovod-oleg.ru
Refferer: 
User Agent: Mozilla/5.0 (compatible; MSIE 9.0; Windows Phone OS 7.5; Trident/5.0; IEMobile/9.0)
Http host: test.sadovod-oleg.ru
Remote: 18.188.80.114
Script: /var/www/u0849612/data/www/test.sadovod-oleg.ru/index.php
Request: /js../.git/config
Root: /var/www/u0849612/data/www/test.sadovod-oleg.ru
-------------------------------------
New bot detected
Date: 12 сентября 2023 12:16:05
Domain: test.sadovod-oleg.ru
Refferer: https://test.sadovod-oleg.ru/wp-admin/import.php
User Agent: Mozilla/5.0 (Windows NT 10.0; Win64; x64; rv:109.0) Gecko/20100101 Firefox/117.0
Http host: test.sadovod-oleg.ru
Remote: 109.110.67.67
Script: /var/www/u0849612/data/www/test.sadovod-oleg.ru/wp-admin/plugins.php
Request: /wp-admin/plugins.php?_wpnonce=d797e29155&action=activate&plugin=wordpress-importer/wordpress-importer.php&from=import
Root: /var/www/u0849612/data/www/test.sadovod-oleg.ru
-------------------------------------
New bot detected
Date: 12 сентября 2023 12:17:19
Domain: test.sadovod-oleg.ru
Refferer: https://test.sadovod-oleg.ru/wp-admin/import.php
User Agent: Mozilla/5.0 (Windows NT 10.0; Win64; x64; rv:109.0) Gecko/20100101 Firefox/117.0
Http host: test.sadovod-oleg.ru
Remote: 109.110.67.67
Script: /var/www/u0849612/data/www/test.sadovod-oleg.ru/wp-admin/plugins.php
Request: /wp-admin/plugins.php?action=activate&plugin=wordpress-importer%2Fwordpress-importer.php&from=import&_wpnonce=d797e29155
Root: /var/www/u0849612/data/www/test.sadovod-oleg.ru
-------------------------------------
New bot detected
Date: 12 сентября 2023 12:18:20
Domain: test.sadovod-oleg.ru
Refferer: https://test.sadovod-oleg.ru/wp-admin/import.php
User Agent: Mozilla/5.0 (Windows NT 10.0; Win64; x64; rv:109.0) Gecko/20100101 Firefox/117.0
Http host: test.sadovod-oleg.ru
Remote: 109.110.67.67
Script: /var/www/u0849612/data/www/test.sadovod-oleg.ru/wp-admin/plugins.php
Request: /wp-admin/plugins.php?action=activate&plugin=wordpress-importer%2Fwordpress-importer.php&from=import&_wpnonce=d797e29155
Root: /var/www/u0849612/data/www/test.sadovod-oleg.ru
-------------------------------------
New bot detected
Date: 12 сентября 2023 12:19:32
Domain: test.sadovod-oleg.ru
Refferer: https://test.sadovod-oleg.ru/wp-admin/import.php
User Agent: Mozilla/5.0 (Windows NT 10.0; Win64; x64; rv:109.0) Gecko/20100101 Firefox/117.0
Http host: test.sadovod-oleg.ru
Remote: 109.110.67.67
Script: /var/www/u0849612/data/www/test.sadovod-oleg.ru/wp-admin/plugins.php
Request: /wp-admin/plugins.php?action=activate&plugin=wordpress-importer%2Fwordpress-importer.php&from=import&_wpnonce=d797e29155
Root: /var/www/u0849612/data/www/test.sadovod-oleg.ru
-------------------------------------
New bot detected
Date: 12 сентября 2023 12:37:08
Domain: test.sadovod-oleg.ru
Refferer: https://test.sadovod-oleg.ru/wp-admin/import.php
User Agent: Mozilla/5.0 (Windows NT 10.0; Win64; x64; rv:109.0) Gecko/20100101 Firefox/117.0
Http host: test.sadovod-oleg.ru
Remote: 109.110.67.67
Script: /var/www/u0849612/data/www/test.sadovod-oleg.ru/wp-admin/plugins.php
Request: /wp-admin/plugins.php?action=activate&plugin=wordpress-importer%2Fwordpress-importer.php&from=import&_wpnonce=d797e29155
Root: /var/www/u0849612/data/www/test.sadovod-oleg.ru
-------------------------------------
New bot detected
Date: 12 сентября 2023 12:37:36
Domain: test.sadovod-oleg.ru
Refferer: https://test.sadovod-oleg.ru/wp-admin/import.php
User Agent: Mozilla/5.0 (Macintosh; Intel Mac OS X 10_15_7) AppleWebKit/537.36 (KHTML, like Gecko) Chrome/116.0.0.0 Safari/537.36
Http host: test.sadovod-oleg.ru
Remote: 91.215.251.203
Script: /var/www/u0849612/data/www/test.sadovod-oleg.ru/wp-admin/plugins.php
Request: /wp-admin/plugins.php?action=activate&plugin=wordpress-importer%2Fwordpress-importer.php&from=import&_wpnonce=b7bf0a7559
Root: /var/www/u0849612/data/www/test.sadovod-oleg.ru
-------------------------------------
New bot detected
Date: 12 сентября 2023 12:38:04
Domain: test.sadovod-oleg.ru
Refferer: https://test.sadovod-oleg.ru/wp-admin/import.php
User Agent: Mozilla/5.0 (Macintosh; Intel Mac OS X 10_15_7) AppleWebKit/537.36 (KHTML, like Gecko) Chrome/116.0.0.0 Safari/537.36
Http host: test.sadovod-oleg.ru
Remote: 91.215.251.203
Script: /var/www/u0849612/data/www/test.sadovod-oleg.ru/wp-admin/plugins.php
Request: /wp-admin/plugins.php?action=activate&plugin=wordpress-importer%2Fwordpress-importer.php&from=import&_wpnonce=b7bf0a7559
Root: /var/www/u0849612/data/www/test.sadovod-oleg.ru
-------------------------------------
New bot detected
Date: 12 сентября 2023 13:08:10
Domain: test.sadovod-oleg.ru
Refferer: https://test.sadovod-oleg.ru/wp-admin/import.php
User Agent: Mozilla/5.0 (Windows NT 10.0; Win64; x64; rv:109.0) Gecko/20100101 Firefox/117.0
Http host: test.sadovod-oleg.ru
Remote: 109.110.67.67
Script: /var/www/u0849612/data/www/test.sadovod-oleg.ru/wp-admin/plugins.php
Request: /wp-admin/plugins.php?action=activate&plugin=wordpress-importer%2Fwordpress-importer.php&from=import&_wpnonce=d797e29155
Root: /var/www/u0849612/data/www/test.sadovod-oleg.ru
-------------------------------------
New bot detected
Date: 19 сентября 2023 09:45:21
Domain: gissnt.ru
Refferer: 
User Agent: Go-http-client/1.1
Http host: gissnt.ru
Remote: 178.62.73.12
Script: /var/www/u2205630/data/www/gissnt.ru/index.php
Request: /.vscode/sftp.json
Root: /var/www/u2205630/data/www/gissnt.ru
-------------------------------------
New bot detected
Date: 19 сентября 2023 09:45:22
Domain: gissnt.ru
Refferer: 
User Agent: Go-http-client/1.1
Http host: gissnt.ru
Remote: 178.62.73.12
Script: /var/www/u2205630/data/www/gissnt.ru/index.php
Request: /about
Root: /var/www/u2205630/data/www/gissnt.ru
-------------------------------------
New bot detected
Date: 19 сентября 2023 09:45:22
Domain: gissnt.ru
Refferer: 
User Agent: Go-http-client/1.1
Http host: gissnt.ru
Remote: 178.62.73.12
Script: /var/www/u2205630/data/www/gissnt.ru/index.php
Request: /debug/default/view?panel=config
Root: /var/www/u2205630/data/www/gissnt.ru
-------------------------------------
New bot detected
Date: 19 сентября 2023 09:45:22
Domain: gissnt.ru
Refferer: 
User Agent: Go-http-client/1.1
Http host: gissnt.ru
Remote: 178.62.73.12
Script: /var/www/u2205630/data/www/gissnt.ru/index.php
Request: /v2/_catalog
Root: /var/www/u2205630/data/www/gissnt.ru
-------------------------------------
New bot detected
Date: 19 сентября 2023 09:45:22
Domain: gissnt.ru
Refferer: 
User Agent: Go-http-client/1.1
Http host: gissnt.ru
Remote: 178.62.73.12
Script: /var/www/u2205630/data/www/gissnt.ru/index.php
Request: /ecp/Current/exporttool/microsoft.exchange.ediscovery.exporttool.application
Root: /var/www/u2205630/data/www/gissnt.ru
-------------------------------------
New bot detected
Date: 19 сентября 2023 09:45:22
Domain: gissnt.ru
Refferer: 
User Agent: Go-http-client/1.1
Http host: gissnt.ru
Remote: 178.62.73.12
Script: /var/www/u2205630/data/www/gissnt.ru/index.php
Request: /server-status
Root: /var/www/u2205630/data/www/gissnt.ru
-------------------------------------
New bot detected
Date: 19 сентября 2023 09:45:23
Domain: gissnt.ru
Refferer: 
User Agent: Go-http-client/1.1
Http host: gissnt.ru
Remote: 178.62.73.12
Script: /var/www/u2205630/data/www/gissnt.ru/index.php
Request: /login.action
Root: /var/www/u2205630/data/www/gissnt.ru
-------------------------------------
New bot detected
Date: 19 сентября 2023 09:45:23
Domain: gissnt.ru
Refferer: 
User Agent: Go-http-client/1.1
Http host: gissnt.ru
Remote: 178.62.73.12
Script: /var/www/u2205630/data/www/gissnt.ru/index.php
Request: /.DS_Store
Root: /var/www/u2205630/data/www/gissnt.ru
-------------------------------------
New bot detected
Date: 19 сентября 2023 09:45:23
Domain: gissnt.ru
Refferer: 
User Agent: Go-http-client/1.1
Http host: gissnt.ru
Remote: 178.62.73.12
Script: /var/www/u2205630/data/www/gissnt.ru/index.php
Request: /.env
Root: /var/www/u2205630/data/www/gissnt.ru
-------------------------------------
New bot detected
Date: 19 сентября 2023 09:45:23
Domain: gissnt.ru
Refferer: 
User Agent: Go-http-client/1.1
Http host: gissnt.ru
Remote: 178.62.73.12
Script: /var/www/u2205630/data/www/gissnt.ru/index.php
Request: /.git/config
Root: /var/www/u2205630/data/www/gissnt.ru
-------------------------------------
New bot detected
Date: 19 сентября 2023 09:45:24
Domain: gissnt.ru
Refferer: 
User Agent: Go-http-client/1.1
Http host: gissnt.ru
Remote: 178.62.73.12
Script: /var/www/u2205630/data/www/gissnt.ru/index.php
Request: /s/139313e2239313e2034313e27333/_/;/META-INF/maven/com.atlassian.jira/jira-webapp-dist/pom.properties
Root: /var/www/u2205630/data/www/gissnt.ru
-------------------------------------
New bot detected
Date: 19 сентября 2023 09:45:24
Domain: gissnt.ru
Refferer: 
User Agent: Go-http-client/1.1
Http host: gissnt.ru
Remote: 178.62.73.12
Script: /var/www/u2205630/data/www/gissnt.ru/index.php
Request: /config.json
Root: /var/www/u2205630/data/www/gissnt.ru
-------------------------------------
New bot detected
Date: 19 сентября 2023 09:45:24
Domain: gissnt.ru
Refferer: 
User Agent: Go-http-client/1.1
Http host: gissnt.ru
Remote: 178.62.73.12
Script: /var/www/u2205630/data/www/gissnt.ru/index.php
Request: /telescope/requests
Root: /var/www/u2205630/data/www/gissnt.ru
-------------------------------------
New bot detected
Date: 19 сентября 2023 09:45:24
Domain: gissnt.ru
Refferer: 
User Agent: Go-http-client/1.1
Http host: gissnt.ru
Remote: 178.62.73.12
Script: /var/www/u2205630/data/www/gissnt.ru/index.php
Request: /?rest_route=/wp/v2/users/
Root: /var/www/u2205630/data/www/gissnt.ru
-------------------------------------
New bot detected
Date: 19 сентября 2023 12:24:10
Domain: www.gissnt.ru
Refferer: 
User Agent: Go-http-client/1.1
Http host: www.gissnt.ru
Remote: 161.35.190.56
Script: /var/www/u2205630/data/www/gissnt.ru/index.php
Request: /.vscode/sftp.json
Root: /var/www/u2205630/data/www/gissnt.ru
-------------------------------------
New bot detected
Date: 19 сентября 2023 12:24:10
Domain: www.gissnt.ru
Refferer: 
User Agent: Go-http-client/1.1
Http host: www.gissnt.ru
Remote: 161.35.190.56
Script: /var/www/u2205630/data/www/gissnt.ru/index.php
Request: /about
Root: /var/www/u2205630/data/www/gissnt.ru
-------------------------------------
New bot detected
Date: 19 сентября 2023 12:24:11
Domain: www.gissnt.ru
Refferer: 
User Agent: Go-http-client/1.1
Http host: www.gissnt.ru
Remote: 161.35.190.56
Script: /var/www/u2205630/data/www/gissnt.ru/index.php
Request: /debug/default/view?panel=config
Root: /var/www/u2205630/data/www/gissnt.ru
-------------------------------------
New bot detected
Date: 19 сентября 2023 12:24:11
Domain: www.gissnt.ru
Refferer: 
User Agent: Go-http-client/1.1
Http host: www.gissnt.ru
Remote: 161.35.190.56
Script: /var/www/u2205630/data/www/gissnt.ru/index.php
Request: /v2/_catalog
Root: /var/www/u2205630/data/www/gissnt.ru
-------------------------------------
New bot detected
Date: 19 сентября 2023 12:24:11
Domain: www.gissnt.ru
Refferer: 
User Agent: Go-http-client/1.1
Http host: www.gissnt.ru
Remote: 161.35.190.56
Script: /var/www/u2205630/data/www/gissnt.ru/index.php
Request: /ecp/Current/exporttool/microsoft.exchange.ediscovery.exporttool.application
Root: /var/www/u2205630/data/www/gissnt.ru
-------------------------------------
New bot detected
Date: 19 сентября 2023 12:24:11
Domain: www.gissnt.ru
Refferer: 
User Agent: Go-http-client/1.1
Http host: www.gissnt.ru
Remote: 161.35.190.56
Script: /var/www/u2205630/data/www/gissnt.ru/index.php
Request: /server-status
Root: /var/www/u2205630/data/www/gissnt.ru
-------------------------------------
New bot detected
Date: 19 сентября 2023 12:24:12
Domain: www.gissnt.ru
Refferer: 
User Agent: Go-http-client/1.1
Http host: www.gissnt.ru
Remote: 161.35.190.56
Script: /var/www/u2205630/data/www/gissnt.ru/index.php
Request: /login.action
Root: /var/www/u2205630/data/www/gissnt.ru
-------------------------------------
New bot detected
Date: 19 сентября 2023 12:24:12
Domain: www.gissnt.ru
Refferer: 
User Agent: Go-http-client/1.1
Http host: www.gissnt.ru
Remote: 161.35.190.56
Script: /var/www/u2205630/data/www/gissnt.ru/index.php
Request: /.DS_Store
Root: /var/www/u2205630/data/www/gissnt.ru
-------------------------------------
New bot detected
Date: 19 сентября 2023 12:24:13
Domain: www.gissnt.ru
Refferer: 
User Agent: Go-http-client/1.1
Http host: www.gissnt.ru
Remote: 161.35.190.56
Script: /var/www/u2205630/data/www/gissnt.ru/index.php
Request: /.env
Root: /var/www/u2205630/data/www/gissnt.ru
-------------------------------------
New bot detected
Date: 19 сентября 2023 12:24:13
Domain: www.gissnt.ru
Refferer: 
User Agent: Go-http-client/1.1
Http host: www.gissnt.ru
Remote: 161.35.190.56
Script: /var/www/u2205630/data/www/gissnt.ru/index.php
Request: /.git/config
Root: /var/www/u2205630/data/www/gissnt.ru
-------------------------------------
New bot detected
Date: 19 сентября 2023 12:24:13
Domain: www.gissnt.ru
Refferer: 
User Agent: Go-http-client/1.1
Http host: www.gissnt.ru
Remote: 161.35.190.56
Script: /var/www/u2205630/data/www/gissnt.ru/index.php
Request: /s/139313e2239313e2034313e27333/_/;/META-INF/maven/com.atlassian.jira/jira-webapp-dist/pom.properties
Root: /var/www/u2205630/data/www/gissnt.ru
-------------------------------------
New bot detected
Date: 19 сентября 2023 12:24:14
Domain: www.gissnt.ru
Refferer: 
User Agent: Go-http-client/1.1
Http host: www.gissnt.ru
Remote: 161.35.190.56
Script: /var/www/u2205630/data/www/gissnt.ru/index.php
Request: /config.json
Root: /var/www/u2205630/data/www/gissnt.ru
-------------------------------------
New bot detected
Date: 19 сентября 2023 12:24:14
Domain: www.gissnt.ru
Refferer: 
User Agent: Go-http-client/1.1
Http host: www.gissnt.ru
Remote: 161.35.190.56
Script: /var/www/u2205630/data/www/gissnt.ru/index.php
Request: /telescope/requests
Root: /var/www/u2205630/data/www/gissnt.ru
-------------------------------------
New bot detected
Date: 19 сентября 2023 12:24:14
Domain: www.gissnt.ru
Refferer: 
User Agent: Go-http-client/1.1
Http host: www.gissnt.ru
Remote: 161.35.190.56
Script: /var/www/u2205630/data/www/gissnt.ru/index.php
Request: /?rest_route=/wp/v2/users/
Root: /var/www/u2205630/data/www/gissnt.ru
-------------------------------------
New bot detected
Date: 19 сентября 2023 12:43:54
Domain: gissnt.ru
Refferer: 
User Agent: Go-http-client/1.1
Http host: gissnt.ru
Remote: 134.122.63.192
Script: /var/www/u2205630/data/www/gissnt.ru/index.php
Request: /.vscode/sftp.json
Root: /var/www/u2205630/data/www/gissnt.ru
-------------------------------------
New bot detected
Date: 19 сентября 2023 12:43:55
Domain: gissnt.ru
Refferer: 
User Agent: Go-http-client/1.1
Http host: gissnt.ru
Remote: 134.122.63.192
Script: /var/www/u2205630/data/www/gissnt.ru/index.php
Request: /about
Root: /var/www/u2205630/data/www/gissnt.ru
-------------------------------------
New bot detected
Date: 19 сентября 2023 12:43:55
Domain: gissnt.ru
Refferer: 
User Agent: Go-http-client/1.1
Http host: gissnt.ru
Remote: 134.122.63.192
Script: /var/www/u2205630/data/www/gissnt.ru/index.php
Request: /debug/default/view?panel=config
Root: /var/www/u2205630/data/www/gissnt.ru
-------------------------------------
New bot detected
Date: 19 сентября 2023 12:43:55
Domain: gissnt.ru
Refferer: 
User Agent: Go-http-client/1.1
Http host: gissnt.ru
Remote: 134.122.63.192
Script: /var/www/u2205630/data/www/gissnt.ru/index.php
Request: /v2/_catalog
Root: /var/www/u2205630/data/www/gissnt.ru
-------------------------------------
New bot detected
Date: 19 сентября 2023 12:43:55
Domain: gissnt.ru
Refferer: 
User Agent: Go-http-client/1.1
Http host: gissnt.ru
Remote: 134.122.63.192
Script: /var/www/u2205630/data/www/gissnt.ru/index.php
Request: /ecp/Current/exporttool/microsoft.exchange.ediscovery.exporttool.application
Root: /var/www/u2205630/data/www/gissnt.ru
-------------------------------------
New bot detected
Date: 19 сентября 2023 12:43:56
Domain: gissnt.ru
Refferer: 
User Agent: Go-http-client/1.1
Http host: gissnt.ru
Remote: 134.122.63.192
Script: /var/www/u2205630/data/www/gissnt.ru/index.php
Request: /server-status
Root: /var/www/u2205630/data/www/gissnt.ru
-------------------------------------
New bot detected
Date: 19 сентября 2023 12:43:56
Domain: gissnt.ru
Refferer: 
User Agent: Go-http-client/1.1
Http host: gissnt.ru
Remote: 134.122.63.192
Script: /var/www/u2205630/data/www/gissnt.ru/index.php
Request: /login.action
Root: /var/www/u2205630/data/www/gissnt.ru
-------------------------------------
New bot detected
Date: 19 сентября 2023 12:43:56
Domain: gissnt.ru
Refferer: 
User Agent: Go-http-client/1.1
Http host: gissnt.ru
Remote: 134.122.63.192
Script: /var/www/u2205630/data/www/gissnt.ru/index.php
Request: /.DS_Store
Root: /var/www/u2205630/data/www/gissnt.ru
-------------------------------------
New bot detected
Date: 19 сентября 2023 12:43:57
Domain: gissnt.ru
Refferer: 
User Agent: Go-http-client/1.1
Http host: gissnt.ru
Remote: 134.122.63.192
Script: /var/www/u2205630/data/www/gissnt.ru/index.php
Request: /.env
Root: /var/www/u2205630/data/www/gissnt.ru
-------------------------------------
New bot detected
Date: 19 сентября 2023 12:43:57
Domain: gissnt.ru
Refferer: 
User Agent: Go-http-client/1.1
Http host: gissnt.ru
Remote: 134.122.63.192
Script: /var/www/u2205630/data/www/gissnt.ru/index.php
Request: /.git/config
Root: /var/www/u2205630/data/www/gissnt.ru
-------------------------------------
New bot detected
Date: 19 сентября 2023 12:43:57
Domain: gissnt.ru
Refferer: 
User Agent: Go-http-client/1.1
Http host: gissnt.ru
Remote: 134.122.63.192
Script: /var/www/u2205630/data/www/gissnt.ru/index.php
Request: /s/139313e2239313e2034313e27333/_/;/META-INF/maven/com.atlassian.jira/jira-webapp-dist/pom.properties
Root: /var/www/u2205630/data/www/gissnt.ru
-------------------------------------
New bot detected
Date: 19 сентября 2023 12:43:57
Domain: gissnt.ru
Refferer: 
User Agent: Go-http-client/1.1
Http host: gissnt.ru
Remote: 134.122.63.192
Script: /var/www/u2205630/data/www/gissnt.ru/index.php
Request: /config.json
Root: /var/www/u2205630/data/www/gissnt.ru
-------------------------------------
New bot detected
Date: 19 сентября 2023 12:43:58
Domain: gissnt.ru
Refferer: 
User Agent: Go-http-client/1.1
Http host: gissnt.ru
Remote: 134.122.63.192
Script: /var/www/u2205630/data/www/gissnt.ru/index.php
Request: /telescope/requests
Root: /var/www/u2205630/data/www/gissnt.ru
-------------------------------------
New bot detected
Date: 19 сентября 2023 12:43:58
Domain: gissnt.ru
Refferer: 
User Agent: Go-http-client/1.1
Http host: gissnt.ru
Remote: 134.122.63.192
Script: /var/www/u2205630/data/www/gissnt.ru/index.php
Request: /?rest_route=/wp/v2/users/
Root: /var/www/u2205630/data/www/gissnt.ru
-------------------------------------
New bot detected
Date: 19 сентября 2023 12:43:59
Domain: www.gissnt.ru
Refferer: 
User Agent: Go-http-client/1.1
Http host: www.gissnt.ru
Remote: 146.190.64.200
Script: /var/www/u2205630/data/www/gissnt.ru/index.php
Request: /.vscode/sftp.json
Root: /var/www/u2205630/data/www/gissnt.ru
-------------------------------------
New bot detected
Date: 19 сентября 2023 12:44:00
Domain: www.gissnt.ru
Refferer: 
User Agent: Go-http-client/1.1
Http host: www.gissnt.ru
Remote: 146.190.64.200
Script: /var/www/u2205630/data/www/gissnt.ru/index.php
Request: /about
Root: /var/www/u2205630/data/www/gissnt.ru
-------------------------------------
New bot detected
Date: 19 сентября 2023 12:44:00
Domain: www.gissnt.ru
Refferer: 
User Agent: Go-http-client/1.1
Http host: www.gissnt.ru
Remote: 146.190.64.200
Script: /var/www/u2205630/data/www/gissnt.ru/index.php
Request: /debug/default/view?panel=config
Root: /var/www/u2205630/data/www/gissnt.ru
-------------------------------------
New bot detected
Date: 19 сентября 2023 12:44:01
Domain: www.gissnt.ru
Refferer: 
User Agent: Go-http-client/1.1
Http host: www.gissnt.ru
Remote: 146.190.64.200
Script: /var/www/u2205630/data/www/gissnt.ru/index.php
Request: /v2/_catalog
Root: /var/www/u2205630/data/www/gissnt.ru
-------------------------------------
New bot detected
Date: 19 сентября 2023 12:44:03
Domain: www.gissnt.ru
Refferer: 
User Agent: Go-http-client/1.1
Http host: www.gissnt.ru
Remote: 146.190.64.200
Script: /var/www/u2205630/data/www/gissnt.ru/index.php
Request: /ecp/Current/exporttool/microsoft.exchange.ediscovery.exporttool.application
Root: /var/www/u2205630/data/www/gissnt.ru
-------------------------------------
New bot detected
Date: 19 сентября 2023 12:44:04
Domain: www.gissnt.ru
Refferer: 
User Agent: Go-http-client/1.1
Http host: www.gissnt.ru
Remote: 146.190.64.200
Script: /var/www/u2205630/data/www/gissnt.ru/index.php
Request: /server-status
Root: /var/www/u2205630/data/www/gissnt.ru
-------------------------------------
New bot detected
Date: 19 сентября 2023 12:44:04
Domain: www.gissnt.ru
Refferer: 
User Agent: Go-http-client/1.1
Http host: www.gissnt.ru
Remote: 146.190.64.200
Script: /var/www/u2205630/data/www/gissnt.ru/index.php
Request: /login.action
Root: /var/www/u2205630/data/www/gissnt.ru
-------------------------------------
New bot detected
Date: 19 сентября 2023 12:44:07
Domain: www.gissnt.ru
Refferer: 
User Agent: Go-http-client/1.1
Http host: www.gissnt.ru
Remote: 146.190.64.200
Script: /var/www/u2205630/data/www/gissnt.ru/index.php
Request: /.DS_Store
Root: /var/www/u2205630/data/www/gissnt.ru
-------------------------------------
New bot detected
Date: 19 сентября 2023 12:44:08
Domain: www.gissnt.ru
Refferer: 
User Agent: Go-http-client/1.1
Http host: www.gissnt.ru
Remote: 146.190.64.200
Script: /var/www/u2205630/data/www/gissnt.ru/index.php
Request: /.env
Root: /var/www/u2205630/data/www/gissnt.ru
-------------------------------------
New bot detected
Date: 19 сентября 2023 12:44:08
Domain: www.gissnt.ru
Refferer: 
User Agent: Go-http-client/1.1
Http host: www.gissnt.ru
Remote: 146.190.64.200
Script: /var/www/u2205630/data/www/gissnt.ru/index.php
Request: /.git/config
Root: /var/www/u2205630/data/www/gissnt.ru
-------------------------------------
New bot detected
Date: 19 сентября 2023 12:44:09
Domain: www.gissnt.ru
Refferer: 
User Agent: Go-http-client/1.1
Http host: www.gissnt.ru
Remote: 146.190.64.200
Script: /var/www/u2205630/data/www/gissnt.ru/index.php
Request: /s/139313e2239313e2034313e27333/_/;/META-INF/maven/com.atlassian.jira/jira-webapp-dist/pom.properties
Root: /var/www/u2205630/data/www/gissnt.ru
-------------------------------------
New bot detected
Date: 19 сентября 2023 12:44:10
Domain: www.gissnt.ru
Refferer: 
User Agent: Go-http-client/1.1
Http host: www.gissnt.ru
Remote: 146.190.64.200
Script: /var/www/u2205630/data/www/gissnt.ru/index.php
Request: /config.json
Root: /var/www/u2205630/data/www/gissnt.ru
-------------------------------------
New bot detected
Date: 19 сентября 2023 12:44:10
Domain: www.gissnt.ru
Refferer: 
User Agent: Go-http-client/1.1
Http host: www.gissnt.ru
Remote: 146.190.64.200
Script: /var/www/u2205630/data/www/gissnt.ru/index.php
Request: /telescope/requests
Root: /var/www/u2205630/data/www/gissnt.ru
-------------------------------------
New bot detected
Date: 19 сентября 2023 12:44:11
Domain: www.gissnt.ru
Refferer: 
User Agent: Go-http-client/1.1
Http host: www.gissnt.ru
Remote: 146.190.64.200
Script: /var/www/u2205630/data/www/gissnt.ru/index.php
Request: /?rest_route=/wp/v2/users/
Root: /var/www/u2205630/data/www/gissnt.ru
-------------------------------------
New bot detected
Date: 19 сентября 2023 16:15:50
Domain: gissnt.ru
Refferer: 
User Agent: python-requests/2.22.0
Http host: gissnt.ru
Remote: 94.154.124.21
Script: /var/www/u2205630/data/www/gissnt.ru/index.php
Request: /
Root: /var/www/u2205630/data/www/gissnt.ru
-------------------------------------
New bot detected
Date: 20 сентября 2023 01:14:45
Domain: gissnt.ru
Refferer: 
User Agent: Go-http-client/1.1
Http host: gissnt.ru
Remote: 188.124.37.174
Script: /var/www/u2205630/data/www/gissnt.ru/index.php
Request: /
Root: /var/www/u2205630/data/www/gissnt.ru
-------------------------------------
