New bot detected
Date: 23 сентября 2023 00:56:07
Domain: gissnt.ru
Refferer: https://gissnt.ru/
User Agent: Mozilla/5.0 (Windows NT 10.0; Win64; x64) AppleWebKit/537.36 (KHTML, like Gecko) Chrome/109.0.0.0 Safari/537.36
Http host: gissnt.ru
Remote: 185.16.28.28
Script: /var/www/u2205630/data/www/gissnt.ru/index.php
Request: /?_wpcf7=67&_wpcf7_version=5.8&_wpcf7_locale=ru_RU&_wpcf7_unit_tag=wpcf7-f67-o1&_wpcf7_container_post=0&_wpcf7_posted_data_hash=&text-126=%D0%B2%D0%B0%D0%BF%D0%B2%D0%B0%D0%BF&email-433=777soten%40mail.ru&tel-178=%2B79785348896&text-243=dgdfgdfgdfgd
Root: /var/www/u2205630/data/www/gissnt.ru
-------------------------------------
New bot detected
Date: 23 сентября 2023 00:57:43
Domain: gissnt.ru
Refferer: https://gissnt.ru/
User Agent: Mozilla/5.0 (Windows NT 10.0; Win64; x64) AppleWebKit/537.36 (KHTML, like Gecko) Chrome/109.0.0.0 Safari/537.36
Http host: gissnt.ru
Remote: 185.16.28.28
Script: /var/www/u2205630/data/www/gissnt.ru/index.php
Request: /?_wpcf7=67&_wpcf7_version=5.8&_wpcf7_locale=ru_RU&_wpcf7_unit_tag=wpcf7-f67-o1&_wpcf7_container_post=0&_wpcf7_posted_data_hash=&text-126=%D0%B2%D0%B0%D0%BF%D0%B2%D0%B0%D0%BF&email-433=777soten%40mail.ru&tel-178=%2B79785348896&text-243=dgdfgdfgdfgd
Root: /var/www/u2205630/data/www/gissnt.ru
-------------------------------------
New bot detected
Date: 23 сентября 2023 00:58:10
Domain: gissnt.ru
Refferer: https://gissnt.ru/
User Agent: Mozilla/5.0 (Windows NT 10.0; Win64; x64) AppleWebKit/537.36 (KHTML, like Gecko) Chrome/109.0.0.0 Safari/537.36
Http host: gissnt.ru
Remote: 185.16.28.28
Script: /var/www/u2205630/data/www/gissnt.ru/index.php
Request: /?_wpcf7=67&_wpcf7_version=5.8&_wpcf7_locale=ru_RU&_wpcf7_unit_tag=wpcf7-f67-o1&_wpcf7_container_post=0&_wpcf7_posted_data_hash=&text-126=%D0%B2%D0%B0%D0%BF%D0%B2%D0%B0%D0%BF&email-433=777soten%40mail.ru&tel-178=%2B79785348896&text-243=dgdfgdfgdfgd
Root: /var/www/u2205630/data/www/gissnt.ru
-------------------------------------
New bot detected
Date: 23 сентября 2023 00:59:45
Domain: gissnt.ru
Refferer: https://gissnt.ru/
User Agent: Mozilla/5.0 (Windows NT 10.0; Win64; x64) AppleWebKit/537.36 (KHTML, like Gecko) Chrome/109.0.0.0 Safari/537.36
Http host: gissnt.ru
Remote: 185.16.28.28
Script: /var/www/u2205630/data/www/gissnt.ru/index.php
Request: /?_wpcf7=67&_wpcf7_version=5.8&_wpcf7_locale=ru_RU&_wpcf7_unit_tag=wpcf7-f67-o1&_wpcf7_container_post=0&_wpcf7_posted_data_hash=&text-126=%D0%B2%D0%B0%D0%BF%D0%B2%D0%B0%D0%BF&email-433=777soten%40mail.ru&tel-178=%2B79785348896&text-243=dgdfgdfgdfgd
Root: /var/www/u2205630/data/www/gissnt.ru
-------------------------------------
New bot detected
Date: 23 сентября 2023 04:40:35
Domain: www.gissnt.ru
Refferer: 
User Agent: Go-http-client/1.1
Http host: www.gissnt.ru
Remote: 164.90.205.35
Script: /var/www/u2205630/data/www/gissnt.ru/index.php
Request: /.vscode/sftp.json
Root: /var/www/u2205630/data/www/gissnt.ru
-------------------------------------
New bot detected
Date: 23 сентября 2023 04:40:35
Domain: www.gissnt.ru
Refferer: 
User Agent: Go-http-client/1.1
Http host: www.gissnt.ru
Remote: 164.90.205.35
Script: /var/www/u2205630/data/www/gissnt.ru/index.php
Request: /about
Root: /var/www/u2205630/data/www/gissnt.ru
-------------------------------------
New bot detected
Date: 23 сентября 2023 04:40:35
Domain: www.gissnt.ru
Refferer: 
User Agent: Go-http-client/1.1
Http host: www.gissnt.ru
Remote: 164.90.205.35
Script: /var/www/u2205630/data/www/gissnt.ru/index.php
Request: /debug/default/view?panel=config
Root: /var/www/u2205630/data/www/gissnt.ru
-------------------------------------
New bot detected
Date: 23 сентября 2023 04:40:35
Domain: www.gissnt.ru
Refferer: 
User Agent: Go-http-client/1.1
Http host: www.gissnt.ru
Remote: 164.90.205.35
Script: /var/www/u2205630/data/www/gissnt.ru/index.php
Request: /v2/_catalog
Root: /var/www/u2205630/data/www/gissnt.ru
-------------------------------------
New bot detected
Date: 23 сентября 2023 04:40:35
Domain: www.gissnt.ru
Refferer: 
User Agent: Go-http-client/1.1
Http host: www.gissnt.ru
Remote: 164.90.205.35
Script: /var/www/u2205630/data/www/gissnt.ru/index.php
Request: /ecp/Current/exporttool/microsoft.exchange.ediscovery.exporttool.application
Root: /var/www/u2205630/data/www/gissnt.ru
-------------------------------------
New bot detected
Date: 23 сентября 2023 04:40:36
Domain: www.gissnt.ru
Refferer: 
User Agent: Go-http-client/1.1
Http host: www.gissnt.ru
Remote: 164.90.205.35
Script: /var/www/u2205630/data/www/gissnt.ru/index.php
Request: /server-status
Root: /var/www/u2205630/data/www/gissnt.ru
-------------------------------------
New bot detected
Date: 23 сентября 2023 04:40:36
Domain: www.gissnt.ru
Refferer: 
User Agent: Go-http-client/1.1
Http host: www.gissnt.ru
Remote: 164.90.205.35
Script: /var/www/u2205630/data/www/gissnt.ru/index.php
Request: /login.action
Root: /var/www/u2205630/data/www/gissnt.ru
-------------------------------------
New bot detected
Date: 23 сентября 2023 04:40:36
Domain: www.gissnt.ru
Refferer: 
User Agent: Go-http-client/1.1
Http host: www.gissnt.ru
Remote: 164.90.205.35
Script: /var/www/u2205630/data/www/gissnt.ru/index.php
Request: /.DS_Store
Root: /var/www/u2205630/data/www/gissnt.ru
-------------------------------------
New bot detected
Date: 23 сентября 2023 04:40:36
Domain: www.gissnt.ru
Refferer: 
User Agent: Go-http-client/1.1
Http host: www.gissnt.ru
Remote: 164.90.205.35
Script: /var/www/u2205630/data/www/gissnt.ru/index.php
Request: /.env
Root: /var/www/u2205630/data/www/gissnt.ru
-------------------------------------
New bot detected
Date: 23 сентября 2023 04:40:37
Domain: www.gissnt.ru
Refferer: 
User Agent: Go-http-client/1.1
Http host: www.gissnt.ru
Remote: 164.90.205.35
Script: /var/www/u2205630/data/www/gissnt.ru/index.php
Request: /s/139313e2239313e2034313e27333/_/;/META-INF/maven/com.atlassian.jira/jira-webapp-dist/pom.properties
Root: /var/www/u2205630/data/www/gissnt.ru
-------------------------------------
New bot detected
Date: 23 сентября 2023 04:40:37
Domain: www.gissnt.ru
Refferer: 
User Agent: Go-http-client/1.1
Http host: www.gissnt.ru
Remote: 164.90.205.35
Script: /var/www/u2205630/data/www/gissnt.ru/index.php
Request: /config.json
Root: /var/www/u2205630/data/www/gissnt.ru
-------------------------------------
New bot detected
Date: 23 сентября 2023 04:40:37
Domain: www.gissnt.ru
Refferer: 
User Agent: Go-http-client/1.1
Http host: www.gissnt.ru
Remote: 164.90.205.35
Script: /var/www/u2205630/data/www/gissnt.ru/index.php
Request: /telescope/requests
Root: /var/www/u2205630/data/www/gissnt.ru
-------------------------------------
New bot detected
Date: 23 сентября 2023 04:40:37
Domain: www.gissnt.ru
Refferer: 
User Agent: Go-http-client/1.1
Http host: www.gissnt.ru
Remote: 164.90.205.35
Script: /var/www/u2205630/data/www/gissnt.ru/index.php
Request: /?rest_route=/wp/v2/users/
Root: /var/www/u2205630/data/www/gissnt.ru
-------------------------------------
New bot detected
Date: 23 сентября 2023 04:49:28
Domain: gissnt.ru
Refferer: 
User Agent: python-requests/2.22.0
Http host: gissnt.ru
Remote: 94.154.124.35
Script: /var/www/u2205630/data/www/gissnt.ru/index.php
Request: /
Root: /var/www/u2205630/data/www/gissnt.ru
-------------------------------------
New bot detected
Date: 23 сентября 2023 05:23:12
Domain: www.gissnt.ru
Refferer: 
User Agent: Go-http-client/1.1
Http host: www.gissnt.ru
Remote: 134.122.34.144
Script: /var/www/u2205630/data/www/gissnt.ru/index.php
Request: /.vscode/sftp.json
Root: /var/www/u2205630/data/www/gissnt.ru
-------------------------------------
New bot detected
Date: 23 сентября 2023 05:23:12
Domain: www.gissnt.ru
Refferer: 
User Agent: Go-http-client/1.1
Http host: www.gissnt.ru
Remote: 134.122.34.144
Script: /var/www/u2205630/data/www/gissnt.ru/index.php
Request: /about
Root: /var/www/u2205630/data/www/gissnt.ru
-------------------------------------
New bot detected
Date: 23 сентября 2023 05:23:13
Domain: gissnt.ru
Refferer: 
User Agent: Go-http-client/1.1
Http host: gissnt.ru
Remote: 143.110.218.229
Script: /var/www/u2205630/data/www/gissnt.ru/index.php
Request: /.vscode/sftp.json
Root: /var/www/u2205630/data/www/gissnt.ru
-------------------------------------
New bot detected
Date: 23 сентября 2023 05:23:13
Domain: www.gissnt.ru
Refferer: 
User Agent: Go-http-client/1.1
Http host: www.gissnt.ru
Remote: 134.122.34.144
Script: /var/www/u2205630/data/www/gissnt.ru/index.php
Request: /debug/default/view?panel=config
Root: /var/www/u2205630/data/www/gissnt.ru
-------------------------------------
New bot detected
Date: 23 сентября 2023 05:23:13
Domain: gissnt.ru
Refferer: 
User Agent: Go-http-client/1.1
Http host: gissnt.ru
Remote: 143.110.218.229
Script: /var/www/u2205630/data/www/gissnt.ru/index.php
Request: /about
Root: /var/www/u2205630/data/www/gissnt.ru
-------------------------------------
New bot detected
Date: 23 сентября 2023 05:23:14
Domain: www.gissnt.ru
Refferer: 
User Agent: Go-http-client/1.1
Http host: www.gissnt.ru
Remote: 134.122.34.144
Script: /var/www/u2205630/data/www/gissnt.ru/index.php
Request: /v2/_catalog
Root: /var/www/u2205630/data/www/gissnt.ru
-------------------------------------
New bot detected
Date: 23 сентября 2023 05:23:14
Domain: gissnt.ru
Refferer: 
User Agent: Go-http-client/1.1
Http host: gissnt.ru
Remote: 143.110.218.229
Script: /var/www/u2205630/data/www/gissnt.ru/index.php
Request: /debug/default/view?panel=config
Root: /var/www/u2205630/data/www/gissnt.ru
-------------------------------------
New bot detected
Date: 23 сентября 2023 05:23:14
Domain: www.gissnt.ru
Refferer: 
User Agent: Go-http-client/1.1
Http host: www.gissnt.ru
Remote: 134.122.34.144
Script: /var/www/u2205630/data/www/gissnt.ru/index.php
Request: /ecp/Current/exporttool/microsoft.exchange.ediscovery.exporttool.application
Root: /var/www/u2205630/data/www/gissnt.ru
-------------------------------------
New bot detected
Date: 23 сентября 2023 05:23:14
Domain: gissnt.ru
Refferer: 
User Agent: Go-http-client/1.1
Http host: gissnt.ru
Remote: 143.110.218.229
Script: /var/www/u2205630/data/www/gissnt.ru/index.php
Request: /v2/_catalog
Root: /var/www/u2205630/data/www/gissnt.ru
-------------------------------------
New bot detected
Date: 23 сентября 2023 05:23:15
Domain: www.gissnt.ru
Refferer: 
User Agent: Go-http-client/1.1
Http host: www.gissnt.ru
Remote: 134.122.34.144
Script: /var/www/u2205630/data/www/gissnt.ru/index.php
Request: /server-status
Root: /var/www/u2205630/data/www/gissnt.ru
-------------------------------------
New bot detected
Date: 23 сентября 2023 05:23:15
Domain: gissnt.ru
Refferer: 
User Agent: Go-http-client/1.1
Http host: gissnt.ru
Remote: 143.110.218.229
Script: /var/www/u2205630/data/www/gissnt.ru/index.php
Request: /ecp/Current/exporttool/microsoft.exchange.ediscovery.exporttool.application
Root: /var/www/u2205630/data/www/gissnt.ru
-------------------------------------
New bot detected
Date: 23 сентября 2023 05:23:15
Domain: www.gissnt.ru
Refferer: 
User Agent: Go-http-client/1.1
Http host: www.gissnt.ru
Remote: 134.122.34.144
Script: /var/www/u2205630/data/www/gissnt.ru/index.php
Request: /login.action
Root: /var/www/u2205630/data/www/gissnt.ru
-------------------------------------
New bot detected
Date: 23 сентября 2023 05:23:15
Domain: gissnt.ru
Refferer: 
User Agent: Go-http-client/1.1
Http host: gissnt.ru
Remote: 143.110.218.229
Script: /var/www/u2205630/data/www/gissnt.ru/index.php
Request: /server-status
Root: /var/www/u2205630/data/www/gissnt.ru
-------------------------------------
New bot detected
Date: 23 сентября 2023 05:23:16
Domain: gissnt.ru
Refferer: 
User Agent: Go-http-client/1.1
Http host: gissnt.ru
Remote: 143.110.218.229
Script: /var/www/u2205630/data/www/gissnt.ru/index.php
Request: /login.action
Root: /var/www/u2205630/data/www/gissnt.ru
-------------------------------------
New bot detected
Date: 23 сентября 2023 05:23:16
Domain: www.gissnt.ru
Refferer: 
User Agent: Go-http-client/1.1
Http host: www.gissnt.ru
Remote: 134.122.34.144
Script: /var/www/u2205630/data/www/gissnt.ru/index.php
Request: /.DS_Store
Root: /var/www/u2205630/data/www/gissnt.ru
-------------------------------------
New bot detected
Date: 23 сентября 2023 05:23:17
Domain: www.gissnt.ru
Refferer: 
User Agent: Go-http-client/1.1
Http host: www.gissnt.ru
Remote: 134.122.34.144
Script: /var/www/u2205630/data/www/gissnt.ru/index.php
Request: /.env
Root: /var/www/u2205630/data/www/gissnt.ru
-------------------------------------
New bot detected
Date: 23 сентября 2023 05:23:17
Domain: gissnt.ru
Refferer: 
User Agent: Go-http-client/1.1
Http host: gissnt.ru
Remote: 143.110.218.229
Script: /var/www/u2205630/data/www/gissnt.ru/index.php
Request: /.DS_Store
Root: /var/www/u2205630/data/www/gissnt.ru
-------------------------------------
New bot detected
Date: 23 сентября 2023 05:23:18
Domain: gissnt.ru
Refferer: 
User Agent: Go-http-client/1.1
Http host: gissnt.ru
Remote: 143.110.218.229
Script: /var/www/u2205630/data/www/gissnt.ru/index.php
Request: /.env
Root: /var/www/u2205630/data/www/gissnt.ru
-------------------------------------
New bot detected
Date: 23 сентября 2023 05:23:18
Domain: www.gissnt.ru
Refferer: 
User Agent: Go-http-client/1.1
Http host: www.gissnt.ru
Remote: 134.122.34.144
Script: /var/www/u2205630/data/www/gissnt.ru/index.php
Request: /s/139313e2239313e2034313e27333/_/;/META-INF/maven/com.atlassian.jira/jira-webapp-dist/pom.properties
Root: /var/www/u2205630/data/www/gissnt.ru
-------------------------------------
New bot detected
Date: 23 сентября 2023 05:23:18
Domain: www.gissnt.ru
Refferer: 
User Agent: Go-http-client/1.1
Http host: www.gissnt.ru
Remote: 134.122.34.144
Script: /var/www/u2205630/data/www/gissnt.ru/index.php
Request: /config.json
Root: /var/www/u2205630/data/www/gissnt.ru
-------------------------------------
New bot detected
Date: 23 сентября 2023 05:23:19
Domain: gissnt.ru
Refferer: 
User Agent: Go-http-client/1.1
Http host: gissnt.ru
Remote: 143.110.218.229
Script: /var/www/u2205630/data/www/gissnt.ru/index.php
Request: /s/139313e2239313e2034313e27333/_/;/META-INF/maven/com.atlassian.jira/jira-webapp-dist/pom.properties
Root: /var/www/u2205630/data/www/gissnt.ru
-------------------------------------
New bot detected
Date: 23 сентября 2023 05:23:19
Domain: www.gissnt.ru
Refferer: 
User Agent: Go-http-client/1.1
Http host: www.gissnt.ru
Remote: 134.122.34.144
Script: /var/www/u2205630/data/www/gissnt.ru/index.php
Request: /telescope/requests
Root: /var/www/u2205630/data/www/gissnt.ru
-------------------------------------
New bot detected
Date: 23 сентября 2023 05:23:19
Domain: gissnt.ru
Refferer: 
User Agent: Go-http-client/1.1
Http host: gissnt.ru
Remote: 143.110.218.229
Script: /var/www/u2205630/data/www/gissnt.ru/index.php
Request: /config.json
Root: /var/www/u2205630/data/www/gissnt.ru
-------------------------------------
New bot detected
Date: 23 сентября 2023 05:23:19
Domain: www.gissnt.ru
Refferer: 
User Agent: Go-http-client/1.1
Http host: www.gissnt.ru
Remote: 134.122.34.144
Script: /var/www/u2205630/data/www/gissnt.ru/index.php
Request: /?rest_route=/wp/v2/users/
Root: /var/www/u2205630/data/www/gissnt.ru
-------------------------------------
New bot detected
Date: 23 сентября 2023 05:23:20
Domain: gissnt.ru
Refferer: 
User Agent: Go-http-client/1.1
Http host: gissnt.ru
Remote: 143.110.218.229
Script: /var/www/u2205630/data/www/gissnt.ru/index.php
Request: /telescope/requests
Root: /var/www/u2205630/data/www/gissnt.ru
-------------------------------------
New bot detected
Date: 23 сентября 2023 05:23:20
Domain: gissnt.ru
Refferer: 
User Agent: Go-http-client/1.1
Http host: gissnt.ru
Remote: 143.110.218.229
Script: /var/www/u2205630/data/www/gissnt.ru/index.php
Request: /?rest_route=/wp/v2/users/
Root: /var/www/u2205630/data/www/gissnt.ru
-------------------------------------
New bot detected
Date: 23 сентября 2023 08:57:41
Domain: gissnt.ru
Refferer: 
User Agent: Go-http-client/1.1
Http host: gissnt.ru
Remote: 161.35.155.246
Script: /var/www/u2205630/data/www/gissnt.ru/index.php
Request: /.vscode/sftp.json
Root: /var/www/u2205630/data/www/gissnt.ru
-------------------------------------
New bot detected
Date: 23 сентября 2023 08:57:41
Domain: gissnt.ru
Refferer: 
User Agent: Go-http-client/1.1
Http host: gissnt.ru
Remote: 161.35.155.246
Script: /var/www/u2205630/data/www/gissnt.ru/index.php
Request: /about
Root: /var/www/u2205630/data/www/gissnt.ru
-------------------------------------
New bot detected
Date: 23 сентября 2023 08:57:42
Domain: gissnt.ru
Refferer: 
User Agent: Go-http-client/1.1
Http host: gissnt.ru
Remote: 161.35.155.246
Script: /var/www/u2205630/data/www/gissnt.ru/index.php
Request: /debug/default/view?panel=config
Root: /var/www/u2205630/data/www/gissnt.ru
-------------------------------------
New bot detected
Date: 23 сентября 2023 08:57:42
Domain: gissnt.ru
Refferer: 
User Agent: Go-http-client/1.1
Http host: gissnt.ru
Remote: 161.35.155.246
Script: /var/www/u2205630/data/www/gissnt.ru/index.php
Request: /v2/_catalog
Root: /var/www/u2205630/data/www/gissnt.ru
-------------------------------------
New bot detected
Date: 23 сентября 2023 08:57:42
Domain: gissnt.ru
Refferer: 
User Agent: Go-http-client/1.1
Http host: gissnt.ru
Remote: 161.35.155.246
Script: /var/www/u2205630/data/www/gissnt.ru/index.php
Request: /ecp/Current/exporttool/microsoft.exchange.ediscovery.exporttool.application
Root: /var/www/u2205630/data/www/gissnt.ru
-------------------------------------
New bot detected
Date: 23 сентября 2023 08:57:42
Domain: gissnt.ru
Refferer: 
User Agent: Go-http-client/1.1
Http host: gissnt.ru
Remote: 161.35.155.246
Script: /var/www/u2205630/data/www/gissnt.ru/index.php
Request: /server-status
Root: /var/www/u2205630/data/www/gissnt.ru
-------------------------------------
New bot detected
Date: 23 сентября 2023 08:57:42
Domain: gissnt.ru
Refferer: 
User Agent: Go-http-client/1.1
Http host: gissnt.ru
Remote: 161.35.155.246
Script: /var/www/u2205630/data/www/gissnt.ru/index.php
Request: /login.action
Root: /var/www/u2205630/data/www/gissnt.ru
-------------------------------------
New bot detected
Date: 23 сентября 2023 08:57:43
Domain: gissnt.ru
Refferer: 
User Agent: Go-http-client/1.1
Http host: gissnt.ru
Remote: 161.35.155.246
Script: /var/www/u2205630/data/www/gissnt.ru/index.php
Request: /.DS_Store
Root: /var/www/u2205630/data/www/gissnt.ru
-------------------------------------
New bot detected
Date: 23 сентября 2023 08:57:43
Domain: gissnt.ru
Refferer: 
User Agent: Go-http-client/1.1
Http host: gissnt.ru
Remote: 161.35.155.246
Script: /var/www/u2205630/data/www/gissnt.ru/index.php
Request: /.env
Root: /var/www/u2205630/data/www/gissnt.ru
-------------------------------------
New bot detected
Date: 23 сентября 2023 08:57:43
Domain: gissnt.ru
Refferer: 
User Agent: Go-http-client/1.1
Http host: gissnt.ru
Remote: 161.35.155.246
Script: /var/www/u2205630/data/www/gissnt.ru/index.php
Request: /s/139313e2239313e2034313e27333/_/;/META-INF/maven/com.atlassian.jira/jira-webapp-dist/pom.properties
Root: /var/www/u2205630/data/www/gissnt.ru
-------------------------------------
New bot detected
Date: 23 сентября 2023 08:57:43
Domain: gissnt.ru
Refferer: 
User Agent: Go-http-client/1.1
Http host: gissnt.ru
Remote: 161.35.155.246
Script: /var/www/u2205630/data/www/gissnt.ru/index.php
Request: /config.json
Root: /var/www/u2205630/data/www/gissnt.ru
-------------------------------------
New bot detected
Date: 23 сентября 2023 08:57:44
Domain: gissnt.ru
Refferer: 
User Agent: Go-http-client/1.1
Http host: gissnt.ru
Remote: 161.35.155.246
Script: /var/www/u2205630/data/www/gissnt.ru/index.php
Request: /telescope/requests
Root: /var/www/u2205630/data/www/gissnt.ru
-------------------------------------
New bot detected
Date: 23 сентября 2023 08:57:44
Domain: gissnt.ru
Refferer: 
User Agent: Go-http-client/1.1
Http host: gissnt.ru
Remote: 161.35.155.246
Script: /var/www/u2205630/data/www/gissnt.ru/index.php
Request: /?rest_route=/wp/v2/users/
Root: /var/www/u2205630/data/www/gissnt.ru
-------------------------------------
New bot detected
Date: 24 сентября 2023 03:00:44
Domain: gissnt.ru
Refferer: 
User Agent: python-requests/2.22.0
Http host: gissnt.ru
Remote: 94.154.124.35
Script: /var/www/u2205630/data/www/gissnt.ru/index.php
Request: /
Root: /var/www/u2205630/data/www/gissnt.ru
-------------------------------------
New bot detected
Date: 25 сентября 2023 06:05:56
Domain: gissnt.ru
Refferer: 
User Agent: python-requests/2.25.1
Http host: gissnt.ru
Remote: 8.41.221.57
Script: /var/www/u2205630/data/www/gissnt.ru/index.php
Request: /robots.txt
Root: /var/www/u2205630/data/www/gissnt.ru
-------------------------------------
New bot detected
Date: 25 сентября 2023 06:51:44
Domain: gissnt.ru
Refferer: 
User Agent: python-requests/2.25.1
Http host: gissnt.ru
Remote: 8.41.221.57
Script: /var/www/u2205630/data/www/gissnt.ru/index.php
Request: /robots.txt
Root: /var/www/u2205630/data/www/gissnt.ru
-------------------------------------
New bot detected
Date: 25 сентября 2023 06:55:41
Domain: gissnt.ru
Refferer: 
User Agent: python-requests/2.25.1
Http host: gissnt.ru
Remote: 8.41.221.63
Script: /var/www/u2205630/data/www/gissnt.ru/index.php
Request: /robots.txt
Root: /var/www/u2205630/data/www/gissnt.ru
-------------------------------------
New bot detected
Date: 25 сентября 2023 06:58:40
Domain: gissnt.ru
Refferer: 
User Agent: python-requests/2.25.1
Http host: gissnt.ru
Remote: 8.41.221.59
Script: /var/www/u2205630/data/www/gissnt.ru/index.php
Request: /robots.txt
Root: /var/www/u2205630/data/www/gissnt.ru
-------------------------------------
New bot detected
Date: 25 сентября 2023 10:58:50
Domain: gissnt.ru
Refferer: https://gissnt.ru/
User Agent: Mozilla/5.0 (Windows NT 10.0; Win64; x64) AppleWebKit/537.36 (KHTML, like Gecko) Chrome/109.0.0.0 Safari/537.36
Http host: gissnt.ru
Remote: 185.16.28.28
Script: /var/www/u2205630/data/www/gissnt.ru/index.php
Request: /?_wpcf7=67&_wpcf7_version=5.8&_wpcf7_locale=ru_RU&_wpcf7_unit_tag=wpcf7-f67-o1&_wpcf7_container_post=0&_wpcf7_posted_data_hash=&text-126=%D0%B2%D0%B0%D0%BF%D0%B2%D0%B0%D0%BF&email-433=777soten%40mail.ru&tel-178=%2B79785348896&text-243=dgdfgdfgdfgd
Root: /var/www/u2205630/data/www/gissnt.ru
-------------------------------------
New bot detected
Date: 25 сентября 2023 11:00:07
Domain: gissnt.ru
Refferer: https://gissnt.ru/
User Agent: Mozilla/5.0 (Windows NT 10.0; Win64; x64) AppleWebKit/537.36 (KHTML, like Gecko) Chrome/109.0.0.0 Safari/537.36
Http host: gissnt.ru
Remote: 185.16.28.28
Script: /var/www/u2205630/data/www/gissnt.ru/index.php
Request: /?_wpcf7=67&_wpcf7_version=5.8&_wpcf7_locale=ru_RU&_wpcf7_unit_tag=wpcf7-f67-o1&_wpcf7_container_post=0&_wpcf7_posted_data_hash=&text-126=%D0%B2%D0%B0%D0%BF%D0%B2%D0%B0%D0%BF&email-433=777soten%40mail.ru&tel-178=%2B79785348896&text-243=dgdfgdfgdfgd
Root: /var/www/u2205630/data/www/gissnt.ru
-------------------------------------
New bot detected
Date: 25 сентября 2023 11:03:03
Domain: gissnt.ru
Refferer: https://gissnt.ru/
User Agent: Mozilla/5.0 (Windows NT 10.0; Win64; x64) AppleWebKit/537.36 (KHTML, like Gecko) Chrome/109.0.0.0 Safari/537.36
Http host: gissnt.ru
Remote: 185.16.28.28
Script: /var/www/u2205630/data/www/gissnt.ru/index.php
Request: /?_wpcf7=67&_wpcf7_version=5.8&_wpcf7_locale=ru_RU&_wpcf7_unit_tag=wpcf7-f67-o1&_wpcf7_container_post=0&_wpcf7_posted_data_hash=&text-126=%D0%B2%D0%B0%D0%BF%D0%B2%D0%B0%D0%BF&email-433=777soten%40mail.ru&tel-178=%2B79785348896&text-243=dgdfgdfgdfgd
Root: /var/www/u2205630/data/www/gissnt.ru
-------------------------------------
New bot detected
Date: 25 сентября 2023 11:46:44
Domain: gissnt.ru
Refferer: https://gissnt.ru/
User Agent: Mozilla/5.0 (Windows NT 10.0; Win64; x64) AppleWebKit/537.36 (KHTML, like Gecko) Chrome/109.0.0.0 Safari/537.36
Http host: gissnt.ru
Remote: 185.16.28.28
Script: /var/www/u2205630/data/www/gissnt.ru/index.php
Request: /?_wpcf7=68&_wpcf7_version=5.8&_wpcf7_locale=ru_RU&_wpcf7_unit_tag=wpcf7-f68-o1&_wpcf7_container_post=0&_wpcf7_posted_data_hash=&text-126=%D0%B2%D0%B0%D0%BF%D0%B2%D0%B0%D0%BF&email-433=777soten%40mail.ru&tel-178=%2B79785348896&text-243=dgdfgdfgdfgd
Root: /var/www/u2205630/data/www/gissnt.ru
-------------------------------------
New bot detected
Date: 25 сентября 2023 11:52:13
Domain: gissnt.ru
Refferer: https://gissnt.ru/
User Agent: Mozilla/5.0 (Windows NT 10.0; Win64; x64) AppleWebKit/537.36 (KHTML, like Gecko) Chrome/109.0.0.0 Safari/537.36
Http host: gissnt.ru
Remote: 185.16.28.28
Script: /var/www/u2205630/data/www/gissnt.ru/index.php
Request: /?_wpcf7=69&_wpcf7_version=5.8&_wpcf7_locale=ru_RU&_wpcf7_unit_tag=wpcf7-f69-o1&_wpcf7_container_post=0&_wpcf7_posted_data_hash=&text-126=%D0%B2%D0%B0%D0%BF%D0%B2%D0%B0%D0%BF&email-433=777soten%40mail.ru&tel-178=%2B79785348896&text-243=dgdfgdfgdfgd
Root: /var/www/u2205630/data/www/gissnt.ru
-------------------------------------
New bot detected
Date: 25 сентября 2023 12:06:23
Domain: gissnt.ru
Refferer: https://gissnt.ru/
User Agent: Mozilla/5.0 (Windows NT 10.0; Win64; x64) AppleWebKit/537.36 (KHTML, like Gecko) Chrome/109.0.0.0 Safari/537.36
Http host: gissnt.ru
Remote: 185.16.28.28
Script: /var/www/u2205630/data/www/gissnt.ru/index.php
Request: /?_wpcf7=69&_wpcf7_version=5.8&_wpcf7_locale=ru_RU&_wpcf7_unit_tag=wpcf7-f69-o1&_wpcf7_container_post=0&_wpcf7_posted_data_hash=&text-126=%D0%B2%D0%B0%D0%BF%D0%B2%D0%B0%D0%BF&email-433=777soten%40mail.ru&tel-178=%2B79785348896&text-243=dgdfgdfgdfgd
Root: /var/www/u2205630/data/www/gissnt.ru
-------------------------------------
New bot detected
Date: 25 сентября 2023 12:21:10
Domain: gissnt.ru
Refferer: https://gissnt.ru/
User Agent: Mozilla/5.0 (Windows NT 10.0; Win64; x64) AppleWebKit/537.36 (KHTML, like Gecko) Chrome/109.0.0.0 Safari/537.36
Http host: gissnt.ru
Remote: 185.16.28.28
Script: /var/www/u2205630/data/www/gissnt.ru/index.php
Request: /?_wpcf7=69&_wpcf7_version=5.8&_wpcf7_locale=ru_RU&_wpcf7_unit_tag=wpcf7-f69-o1&_wpcf7_container_post=0&_wpcf7_posted_data_hash=&text-126=%D0%B2%D0%B0%D0%BF%D0%B2%D0%B0%D0%BF&email-433=777soten%40mail.ru&tel-178=%2B79785348896&text-243=dgdfgdfgdfgd
Root: /var/www/u2205630/data/www/gissnt.ru
-------------------------------------
New bot detected
Date: 25 сентября 2023 12:24:57
Domain: gissnt.ru
Refferer: https://gissnt.ru/
User Agent: Mozilla/5.0 (Windows NT 10.0; Win64; x64) AppleWebKit/537.36 (KHTML, like Gecko) Chrome/109.0.0.0 Safari/537.36
Http host: gissnt.ru
Remote: 185.16.28.28
Script: /var/www/u2205630/data/www/gissnt.ru/index.php
Request: /?_wpcf7=69&_wpcf7_version=5.8&_wpcf7_locale=ru_RU&_wpcf7_unit_tag=wpcf7-f69-o1&_wpcf7_container_post=0&_wpcf7_posted_data_hash=&text-126=%D0%B2%D0%B0%D0%BF%D0%B2%D0%B0%D0%BF&email-433=777soten%40mail.ru&tel-178=%2B79785348896&text-243=dgdfgdfgdfgd
Root: /var/www/u2205630/data/www/gissnt.ru
-------------------------------------
New bot detected
Date: 25 сентября 2023 12:36:45
Domain: gissnt.ru
Refferer: https://gissnt.ru/
User Agent: Mozilla/5.0 (Windows NT 10.0; Win64; x64) AppleWebKit/537.36 (KHTML, like Gecko) Chrome/109.0.0.0 Safari/537.36
Http host: gissnt.ru
Remote: 185.16.28.28
Script: /var/www/u2205630/data/www/gissnt.ru/index.php
Request: /?_wpcf7=69&_wpcf7_version=5.8&_wpcf7_locale=ru_RU&_wpcf7_unit_tag=wpcf7-f69-o1&_wpcf7_container_post=0&_wpcf7_posted_data_hash=&text-126=%D0%B2%D0%B0%D0%BF%D0%B2%D0%B0%D0%BF&email-433=777soten%40mail.ru&tel-178=%2B79785348896&text-243=dgdfgdfgdfgd
Root: /var/www/u2205630/data/www/gissnt.ru
-------------------------------------
New bot detected
Date: 25 сентября 2023 12:41:55
Domain: gissnt.ru
Refferer: 
User Agent: python-requests/2.22.0
Http host: gissnt.ru
Remote: 94.154.124.35
Script: /var/www/u2205630/data/www/gissnt.ru/index.php
Request: /
Root: /var/www/u2205630/data/www/gissnt.ru
-------------------------------------
New bot detected
Date: 25 сентября 2023 14:29:01
Domain: gissnt.ru
Refferer: 
User Agent: Go-http-client/1.1
Http host: gissnt.ru
Remote: 185.189.167.212
Script: /var/www/u2205630/data/www/gissnt.ru/index.php
Request: /
Root: /var/www/u2205630/data/www/gissnt.ru
-------------------------------------
