[25-Sep-2023 08:44:31 UTC] Ошибка перепланировки события Cron для хука action_scheduler_run_queue, код ошибки: invalid_schedule, сообщение об ошибке: Планировщик событий не существует., данные: {"schedule":"every_minute","args":["WP Cron"],"interval":60}
[25-Sep-2023 09:07:59 UTC] Ошибка перепланировки события Cron для хука action_scheduler_run_queue, код ошибки: invalid_schedule, сообщение об ошибке: Планировщик событий не существует., данные: {"schedule":"every_minute","args":["WP Cron"],"interval":60}
[25-Sep-2023 09:08:07 UTC] Ошибка перепланировки события Cron для хука action_scheduler_run_queue, код ошибки: invalid_schedule, сообщение об ошибке: Планировщик событий не существует., данные: {"schedule":"every_minute","args":["WP Cron"],"interval":60}
[25-Sep-2023 10:07:56 UTC] Ошибка перепланировки события Cron для хука action_scheduler_run_queue, код ошибки: invalid_schedule, сообщение об ошибке: Планировщик событий не существует., данные: {"schedule":"every_minute","args":["WP Cron"],"interval":60}
[25-Sep-2023 10:59:40 UTC] Ошибка перепланировки события Cron для хука action_scheduler_run_queue, код ошибки: invalid_schedule, сообщение об ошибке: Планировщик событий не существует., данные: {"schedule":"every_minute","args":["WP Cron"],"interval":60}
[26-Sep-2023 12:50:40 UTC] 
[26-Sep-2023 12:50:53 UTC] 
[26-Sep-2023 12:50:55 UTC] 
[26-Sep-2023 12:55:24 UTC] 
[26-Sep-2023 12:55:33 UTC] 
[26-Sep-2023 12:55:36 UTC] 
[26-Sep-2023 12:57:33 UTC] 
[26-Sep-2023 12:58:14 UTC] 
[26-Sep-2023 12:59:33 UTC] 
[26-Sep-2023 13:00:14 UTC] 
[26-Sep-2023 13:01:34 UTC] 
[26-Sep-2023 13:02:14 UTC] 
[26-Sep-2023 13:03:34 UTC] 
[26-Sep-2023 13:04:15 UTC] 
[26-Sep-2023 13:11:38 UTC] PHP Warning:  Undefined array key "name" in /var/www/u2205630/data/www/gissnt.ru/wp-content/themes/sadovod/functions.php on line 126
[26-Sep-2023 13:11:38 UTC] PHP Warning:  Undefined array key "email" in /var/www/u2205630/data/www/gissnt.ru/wp-content/themes/sadovod/functions.php on line 127
[26-Sep-2023 13:11:38 UTC] Array
(
    [fio-845] => fgfdgdfgfd
    [email-646] => 777sot@mail.ru
    [tel-625] => 7878
    [namesnt-845] => dgdfgdg
    [pass-845] => dfgdfg
    [confirmpass-845] => dfgdg
)

[26-Sep-2023 13:13:32 UTC] PHP Warning:  Undefined array key "name" in /var/www/u2205630/data/www/gissnt.ru/wp-content/themes/sadovod/functions.php on line 126
[26-Sep-2023 13:13:32 UTC] PHP Warning:  Undefined array key "email" in /var/www/u2205630/data/www/gissnt.ru/wp-content/themes/sadovod/functions.php on line 127
[26-Sep-2023 13:13:32 UTC] WPCF7_Submission Object
(
    [contact_form:WPCF7_Submission:private] => WPCF7_ContactForm Object
        (
            [id:WPCF7_ContactForm:private] => 73
            [name:WPCF7_ContactForm:private] => untitled
            [title:WPCF7_ContactForm:private] => Запрос на регистрацию пользователя
            [locale:WPCF7_ContactForm:private] => ru_RU
            [properties:WPCF7_ContactForm:private] => Array
                (
                    [form] => <label for="">
  <p class="text-[15px]">Фио*</p>
  [text* fio-845 placeholder "Иванов Иван Иванович"]
</label>
<label for="" class="mt-[20px]">
  <p class="text-[15px]">Email*</p>
  [email* email-646 placeholder "ivan@mail.ru"]
</label>
<label for="" class="mt-[20px]">
  <p class="text-[15px]">Телефон*</p>
  [tel* tel-625 placeholder "+7 (___) ___ __ __"]
</label>
<label for="" class="mt-[20px]">
  <p class="text-[15px]">Название СНТ*</p>
  [text* namesnt-845 placeholder "Садовод"]
</label>
<label for="" class="mt-[20px]">
  <p class="text-[15px]">Пароль*</p>
  [text* pass-845 placeholder "**********"]
</label>
<label for="" class="mt-[20px]">
  <p class="text-[15px]">Повторите пароль*</p>
  [text* confirmpass-845 placeholder "**********"]
</label>
<div class="flex justify-between items-center mt-[30px]">
  [submit "Зарегистрироваться"]
  <div class="grid logon__btn">
    <a href="/login">Войти</a>
  </div>
</div>
                    [mail] => Array
                        (
                            [active] => 1
                            [subject] => [fio-845] "[namesnt-845]"
                            [sender] => [_site_title] <register@gissnt.ru>
                            [recipient] => admin@gissnt.ru
                            [body] => From: [fio-845] [email-646] </br>
Subject: [namesnt-845] </br>

Запрос на регистрацию: </br>
ФИО : [fio-845] </br>
E-mail : [email-646] </br>
Телефон : [tel-625] </br>
Название СНТ : [namesnt-845] </br>

-- 
</br></br> Запрос на регистрацию пользователя [_site_title] ([_site_url])
                            [additional_headers] => Reply-To: [email-646]
                            [attachments] => 
                            [use_html] => 1
                            [exclude_blank] => 
                        )

                    [mail_2] => Array
                        (
                            [active] => 
                            [subject] => [_site_title] "[your-subject]"
                            [sender] => [_site_title] <wordpress@gissnt.ru>
                            [recipient] => [your-email]
                            [body] => Message Body:
[your-message]

-- 
This e-mail was sent from a contact form on [_site_title] ([_site_url])
                            [additional_headers] => Reply-To: [_site_admin_email]
                            [attachments] => 
                            [use_html] => 
                            [exclude_blank] => 
                        )

                    [messages] => Array
                        (
                            [mail_sent_ok] => Спасибо вам за ваше сообщение. Оно было отправлено на модерацию.
                            [mail_sent_ng] => При попытке отправить ваше сообщение произошла ошибка. Пожалуйста, повторите попытку позже.
                            [validation_error] => В одном или нескольких полях содержится ошибка. Пожалуйста, проверьте и повторите попытку.
                            [spam] => При попытке отправить ваше сообщение произошла ошибка. Пожалуйста, повторите попытку позже.
                            [accept_terms] => Вы должны принять правила и условия, прежде чем отправлять свое сообщение.
                            [invalid_required] => Пожалуйста, заполните это поле.
                            [invalid_too_long] => В этом поле слишком длинная запись,
                            [invalid_too_short] => В этом поле слишком короткая запись,
                            [upload_failed] => There was an unknown error uploading the file.
                            [upload_file_type_invalid] => You are not allowed to upload files of this type.
                            [upload_file_too_large] => The uploaded file is too large.
                            [upload_failed_php_error] => There was an error uploading the file.
                            [invalid_date] => Please enter a date in YYYY-MM-DD format.
                            [date_too_early] => This field has a too early date.
                            [date_too_late] => This field has a too late date.
                            [invalid_number] => Пожалуйста, введите номер.
                            [number_too_small] => В этом поле слишком короткий номер.
                            [number_too_large] => В этом поле слишком длинный номер.
                            [quiz_answer_not_correct] => Ответ на тест неверен.
                            [invalid_email] => Пожалуйста, введите адрес электронной почты.
                            [invalid_url] => Please enter a URL.
                            [invalid_tel] => Пожалуйста, введите номер телефона.
                            [captcha_not_match] => Your entered code is incorrect.
                        )

                    [additional_settings] => 
                )

            [unit_tag:WPCF7_ContactForm:private] => 
            [responses_count:WPCF7_ContactForm:private] => 0
            [scanned_form_tags:WPCF7_ContactForm:private] => Array
                (
                    [0] => WPCF7_FormTag Object
                        (
                            [type] => text*
                            [basetype] => text
                            [raw_name] => fio-845
                            [name] => fio-845
                            [options] => Array
                                (
                                    [0] => placeholder
                                )

                            [raw_values] => Array
                                (
                                    [0] => Иванов Иван Иванович
                                )

                            [values] => Array
                                (
                                    [0] => Иванов Иван Иванович
                                )

                            [pipes] => WPCF7_Pipes Object
                                (
                                    [pipes:WPCF7_Pipes:private] => Array
                                        (
                                            [0] => WPCF7_Pipe Object
                                                (
                                                    [before] => Иванов Иван Иванович
                                                    [after] => Иванов Иван Иванович
                                                )

                                        )

                                )

                            [labels] => Array
                                (
                                    [0] => Иванов Иван Иванович
                                )

                            [attr] => 
                            [content] => 
                        )

                    [1] => WPCF7_FormTag Object
                        (
                            [type] => email*
                            [basetype] => email
                            [raw_name] => email-646
                            [name] => email-646
                            [options] => Array
                                (
                                    [0] => placeholder
                                )

                            [raw_values] => Array
                                (
                                    [0] => ivan@mail.ru
                                )

                            [values] => Array
                                (
                                    [0] => ivan@mail.ru
                                )

                            [pipes] => WPCF7_Pipes Object
                                (
                                    [pipes:WPCF7_Pipes:private] => Array
                                        (
                                            [0] => WPCF7_Pipe Object
                                                (
                                                    [before] => ivan@mail.ru
                                                    [after] => ivan@mail.ru
                                                )

                                        )

                                )

                            [labels] => Array
                                (
                                    [0] => ivan@mail.ru
                                )

                            [attr] => 
                            [content] => 
                        )

                    [2] => WPCF7_FormTag Object
                        (
                            [type] => tel*
                            [basetype] => tel
                            [raw_name] => tel-625
                            [name] => tel-625
                            [options] => Array
                                (
                                    [0] => placeholder
                                )

                            [raw_values] => Array
                                (
                                    [0] => +7 (___) ___ __ __
                                )

                            [values] => Array
                                (
                                    [0] => +7 (___) ___ __ __
                                )

                            [pipes] => WPCF7_Pipes Object
                                (
                                    [pipes:WPCF7_Pipes:private] => Array
                                        (
                                            [0] => WPCF7_Pipe Object
                                                (
                                                    [before] => +7 (___) ___ __ __
                                                    [after] => +7 (___) ___ __ __
                                                )

                                        )

                                )

                            [labels] => Array
                                (
                                    [0] => +7 (___) ___ __ __
                                )

                            [attr] => 
                            [content] => 
                        )

                    [3] => WPCF7_FormTag Object
                        (
                            [type] => text*
                            [basetype] => text
                            [raw_name] => namesnt-845
                            [name] => namesnt-845
                            [options] => Array
                                (
                                    [0] => placeholder
                                )

                            [raw_values] => Array
                                (
                                    [0] => Садовод
                                )

                            [values] => Array
                                (
                                    [0] => Садовод
                                )

                            [pipes] => WPCF7_Pipes Object
                                (
                                    [pipes:WPCF7_Pipes:private] => Array
                                        (
                                            [0] => WPCF7_Pipe Object
                                                (
                                                    [before] => Садовод
                                                    [after] => Садовод
                                                )

                                        )

                                )

                            [labels] => Array
                                (
                                    [0] => Садовод
                                )

                            [attr] => 
                            [content] => 
                        )

                    [4] => WPCF7_FormTag Object
                        (
                            [type] => text*
                            [basetype] => text
                            [raw_name] => pass-845
                            [name] => pass-845
                            [options] => Array
                                (
                                    [0] => placeholder
                                )

                            [raw_values] => Array
                                (
                                    [0] => **********
                                )

                            [values] => Array
                                (
                                    [0] => **********
                                )

                            [pipes] => WPCF7_Pipes Object
                                (
                                    [pipes:WPCF7_Pipes:private] => Array
                                        (
                                            [0] => WPCF7_Pipe Object
                                                (
                                                    [before] => **********
                                                    [after] => **********
                                                )

                                        )

                                )

                            [labels] => Array
                                (
                                    [0] => **********
                                )

                            [attr] => 
                            [content] => 
                        )

                    [5] => WPCF7_FormTag Object
                        (
                            [type] => text*
                            [basetype] => text
                            [raw_name] => confirmpass-845
                            [name] => confirmpass-845
                            [options] => Array
                                (
                                    [0] => placeholder
                                )

                            [raw_values] => Array
                                (
                                    [0] => **********
                                )

                            [values] => Array
                                (
                                    [0] => **********
                                )

                            [pipes] => WPCF7_Pipes Object
                                (
                                    [pipes:WPCF7_Pipes:private] => Array
                                        (
                                            [0] => WPCF7_Pipe Object
                                                (
                                                    [before] => **********
                                                    [after] => **********
                                                )

                                        )

                                )

                            [labels] => Array
                                (
                                    [0] => **********
                                )

                            [attr] => 
                            [content] => 
                        )

                    [6] => WPCF7_FormTag Object
                        (
                            [type] => submit
                            [basetype] => submit
                            [raw_name] => 
                            [name] => 
                            [options] => Array
                                (
                                )

                            [raw_values] => Array
                                (
                                    [0] => Зарегистрироваться
                                )

                            [values] => Array
                                (
                                    [0] => Зарегистрироваться
                                )

                            [pipes] => WPCF7_Pipes Object
                                (
                                    [pipes:WPCF7_Pipes:private] => Array
                                        (
                                            [0] => WPCF7_Pipe Object
                                                (
                                                    [before] => Зарегистрироваться
                                                    [after] => Зарегистрироваться
                                                )

                                        )

                                )

                            [labels] => Array
                                (
                                    [0] => Зарегистрироваться
                                )

                            [attr] => 
                            [content] => 
                        )

                )

            [shortcode_atts:WPCF7_ContactForm:private] => Array
                (
                )

            [hash:WPCF7_ContactForm:private] => 4b41cf201ad8beb4da8b30ddd4a55cd38af4f22c
            [schema:protected] => WPCF7_SWV_Schema Object
                (
                    [rules:protected] => Array
                        (
                            [0] => WPCF7_SWV_RequiredRule Object
                                (
                                    [properties:protected] => Array
                                        (
                                            [field] => fio-845
                                            [error] => Пожалуйста, заполните это поле.
                                        )

                                )

                            [1] => WPCF7_SWV_RequiredRule Object
                                (
                                    [properties:protected] => Array
                                        (
                                            [field] => email-646
                                            [error] => Пожалуйста, заполните это поле.
                                        )

                                )

                            [2] => WPCF7_SWV_EmailRule Object
                                (
                                    [properties:protected] => Array
                                        (
                                            [field] => email-646
                                            [error] => Пожалуйста, введите адрес электронной почты.
                                        )

                                )

                            [3] => WPCF7_SWV_RequiredRule Object
                                (
                                    [properties:protected] => Array
                                        (
                                            [field] => tel-625
                                            [error] => Пожалуйста, заполните это поле.
                                        )

                                )

                            [4] => WPCF7_SWV_TelRule Object
                                (
                                    [properties:protected] => Array
                                        (
                                            [field] => tel-625
                                            [error] => Пожалуйста, введите номер телефона.
                                        )

                                )

                            [5] => WPCF7_SWV_RequiredRule Object
                                (
                                    [properties:protected] => Array
                                        (
                                            [field] => namesnt-845
                                            [error] => Пожалуйста, заполните это поле.
                                        )

                                )

                            [6] => WPCF7_SWV_RequiredRule Object
                                (
                                    [properties:protected] => Array
                                        (
                                            [field] => pass-845
                                            [error] => Пожалуйста, заполните это поле.
                                        )

                                )

                            [7] => WPCF7_SWV_RequiredRule Object
                                (
                                    [properties:protected] => Array
                                        (
                                            [field] => confirmpass-845
                                            [error] => Пожалуйста, заполните это поле.
                                        )

                                )

                        )

                    [properties:protected] => Array
                        (
                            [version] => Contact Form 7 SWV Schema 2023-07
                            [locale] => ru_RU
                        )

                )

        )

    [status:WPCF7_Submission:private] => init
    [posted_data:WPCF7_Submission:private] => Array
        (
            [fio-845] => fgfdgdfgfd
            [email-646] => 777sot@mail.ru
            [tel-625] => 7878
            [namesnt-845] => dgdfgdg
            [pass-845] => dfgdfg
            [confirmpass-845] => dfgdg
        )

    [posted_data_hash:WPCF7_Submission:private] => e58e8dae004dd07af5eb380712c84bcc
    [skip_spam_check:WPCF7_Submission:private] => 
    [uploaded_files:WPCF7_Submission:private] => Array
        (
        )

    [extra_attachments:WPCF7_Submission:private] => Array
        (
        )

    [skip_mail:WPCF7_Submission:private] => 
    [response:WPCF7_Submission:private] => 
    [invalid_fields:WPCF7_Submission:private] => Array
        (
        )

    [meta:WPCF7_Submission:private] => Array
        (
            [timestamp] => 1695734012
            [remote_ip] => 185.16.28.28
            [remote_port] => 42734
            [user_agent] => Mozilla/5.0 (Windows NT 10.0; Win64; x64) AppleWebKit/537.36 (KHTML, like Gecko) Chrome/109.0.0.0 Safari/537.36
            [url] => https://gissnt.ru/register/
            [unit_tag] => wpcf7-f73-o1
            [container_post_id] => 0
            [current_user_id] => 0
            [do_not_store] => 
        )

    [consent:WPCF7_Submission:private] => Array
        (
        )

    [spam_log:WPCF7_Submission:private] => Array
        (
        )

    [result_props:WPCF7_Submission:private] => Array
        (
        )

    [pocket:protected] => Array
        (
        )

)

[26-Sep-2023 13:14:37 UTC] PHP Warning:  Undefined array key "name" in /var/www/u2205630/data/www/gissnt.ru/wp-content/themes/sadovod/functions.php on line 126
[26-Sep-2023 13:14:37 UTC] PHP Warning:  Undefined array key "email" in /var/www/u2205630/data/www/gissnt.ru/wp-content/themes/sadovod/functions.php on line 127
[26-Sep-2023 13:14:37 UTC] WPCF7_Submission Object
(
    [contact_form:WPCF7_Submission:private] => WPCF7_ContactForm Object
        (
            [id:WPCF7_ContactForm:private] => 73
            [name:WPCF7_ContactForm:private] => untitled
            [title:WPCF7_ContactForm:private] => Запрос на регистрацию пользователя
            [locale:WPCF7_ContactForm:private] => ru_RU
            [properties:WPCF7_ContactForm:private] => Array
                (
                    [form] => <label for="">
  <p class="text-[15px]">Фио*</p>
  [text* fio-845 placeholder "Иванов Иван Иванович"]
</label>
<label for="" class="mt-[20px]">
  <p class="text-[15px]">Email*</p>
  [email* email-646 placeholder "ivan@mail.ru"]
</label>
<label for="" class="mt-[20px]">
  <p class="text-[15px]">Телефон*</p>
  [tel* tel-625 placeholder "+7 (___) ___ __ __"]
</label>
<label for="" class="mt-[20px]">
  <p class="text-[15px]">Название СНТ*</p>
  [text* namesnt-845 placeholder "Садовод"]
</label>
<label for="" class="mt-[20px]">
  <p class="text-[15px]">Пароль*</p>
  [text* pass-845 placeholder "**********"]
</label>
<label for="" class="mt-[20px]">
  <p class="text-[15px]">Повторите пароль*</p>
  [text* confirmpass-845 placeholder "**********"]
</label>
<div class="flex justify-between items-center mt-[30px]">
  [submit "Зарегистрироваться"]
  <div class="grid logon__btn">
    <a href="/login">Войти</a>
  </div>
</div>
                    [mail] => Array
                        (
                            [active] => 1
                            [subject] => [fio-845] "[namesnt-845]"
                            [sender] => [_site_title] <register@gissnt.ru>
                            [recipient] => admin@gissnt.ru
                            [body] => From: [fio-845] [email-646] </br>
Subject: [namesnt-845] </br>

Запрос на регистрацию: </br>
ФИО : [fio-845] </br>
E-mail : [email-646] </br>
Телефон : [tel-625] </br>
Название СНТ : [namesnt-845] </br>

-- 
</br></br> Запрос на регистрацию пользователя [_site_title] ([_site_url])
                            [additional_headers] => Reply-To: [email-646]
                            [attachments] => 
                            [use_html] => 1
                            [exclude_blank] => 
                        )

                    [mail_2] => Array
                        (
                            [active] => 
                            [subject] => [_site_title] "[your-subject]"
                            [sender] => [_site_title] <wordpress@gissnt.ru>
                            [recipient] => [your-email]
                            [body] => Message Body:
[your-message]

-- 
This e-mail was sent from a contact form on [_site_title] ([_site_url])
                            [additional_headers] => Reply-To: [_site_admin_email]
                            [attachments] => 
                            [use_html] => 
                            [exclude_blank] => 
                        )

                    [messages] => Array
                        (
                            [mail_sent_ok] => Спасибо вам за ваше сообщение. Оно было отправлено на модерацию.
                            [mail_sent_ng] => При попытке отправить ваше сообщение произошла ошибка. Пожалуйста, повторите попытку позже.
                            [validation_error] => В одном или нескольких полях содержится ошибка. Пожалуйста, проверьте и повторите попытку.
                            [spam] => При попытке отправить ваше сообщение произошла ошибка. Пожалуйста, повторите попытку позже.
                            [accept_terms] => Вы должны принять правила и условия, прежде чем отправлять свое сообщение.
                            [invalid_required] => Пожалуйста, заполните это поле.
                            [invalid_too_long] => В этом поле слишком длинная запись,
                            [invalid_too_short] => В этом поле слишком короткая запись,
                            [upload_failed] => There was an unknown error uploading the file.
                            [upload_file_type_invalid] => You are not allowed to upload files of this type.
                            [upload_file_too_large] => The uploaded file is too large.
                            [upload_failed_php_error] => There was an error uploading the file.
                            [invalid_date] => Please enter a date in YYYY-MM-DD format.
                            [date_too_early] => This field has a too early date.
                            [date_too_late] => This field has a too late date.
                            [invalid_number] => Пожалуйста, введите номер.
                            [number_too_small] => В этом поле слишком короткий номер.
                            [number_too_large] => В этом поле слишком длинный номер.
                            [quiz_answer_not_correct] => Ответ на тест неверен.
                            [invalid_email] => Пожалуйста, введите адрес электронной почты.
                            [invalid_url] => Please enter a URL.
                            [invalid_tel] => Пожалуйста, введите номер телефона.
                            [captcha_not_match] => Your entered code is incorrect.
                        )

                    [additional_settings] => 
                )

            [unit_tag:WPCF7_ContactForm:private] => 
            [responses_count:WPCF7_ContactForm:private] => 0
            [scanned_form_tags:WPCF7_ContactForm:private] => Array
                (
                    [0] => WPCF7_FormTag Object
                        (
                            [type] => text*
                            [basetype] => text
                            [raw_name] => fio-845
                            [name] => fio-845
                            [options] => Array
                                (
                                    [0] => placeholder
                                )

                            [raw_values] => Array
                                (
                                    [0] => Иванов Иван Иванович
                                )

                            [values] => Array
                                (
                                    [0] => Иванов Иван Иванович
                                )

                            [pipes] => WPCF7_Pipes Object
                                (
                                    [pipes:WPCF7_Pipes:private] => Array
                                        (
                                            [0] => WPCF7_Pipe Object
                                                (
                                                    [before] => Иванов Иван Иванович
                                                    [after] => Иванов Иван Иванович
                                                )

                                        )

                                )

                            [labels] => Array
                                (
                                    [0] => Иванов Иван Иванович
                                )

                            [attr] => 
                            [content] => 
                        )

                    [1] => WPCF7_FormTag Object
                        (
                            [type] => email*
                            [basetype] => email
                            [raw_name] => email-646
                            [name] => email-646
                            [options] => Array
                                (
                                    [0] => placeholder
                                )

                            [raw_values] => Array
                                (
                                    [0] => ivan@mail.ru
                                )

                            [values] => Array
                                (
                                    [0] => ivan@mail.ru
                                )

                            [pipes] => WPCF7_Pipes Object
                                (
                                    [pipes:WPCF7_Pipes:private] => Array
                                        (
                                            [0] => WPCF7_Pipe Object
                                                (
                                                    [before] => ivan@mail.ru
                                                    [after] => ivan@mail.ru
                                                )

                                        )

                                )

                            [labels] => Array
                                (
                                    [0] => ivan@mail.ru
                                )

                            [attr] => 
                            [content] => 
                        )

                    [2] => WPCF7_FormTag Object
                        (
                            [type] => tel*
                            [basetype] => tel
                            [raw_name] => tel-625
                            [name] => tel-625
                            [options] => Array
                                (
                                    [0] => placeholder
                                )

                            [raw_values] => Array
                                (
                                    [0] => +7 (___) ___ __ __
                                )

                            [values] => Array
                                (
                                    [0] => +7 (___) ___ __ __
                                )

                            [pipes] => WPCF7_Pipes Object
                                (
                                    [pipes:WPCF7_Pipes:private] => Array
                                        (
                                            [0] => WPCF7_Pipe Object
                                                (
                                                    [before] => +7 (___) ___ __ __
                                                    [after] => +7 (___) ___ __ __
                                                )

                                        )

                                )

                            [labels] => Array
                                (
                                    [0] => +7 (___) ___ __ __
                                )

                            [attr] => 
                            [content] => 
                        )

                    [3] => WPCF7_FormTag Object
                        (
                            [type] => text*
                            [basetype] => text
                            [raw_name] => namesnt-845
                            [name] => namesnt-845
                            [options] => Array
                                (
                                    [0] => placeholder
                                )

                            [raw_values] => Array
                                (
                                    [0] => Садовод
                                )

                            [values] => Array
                                (
                                    [0] => Садовод
                                )

                            [pipes] => WPCF7_Pipes Object
                                (
                                    [pipes:WPCF7_Pipes:private] => Array
                                        (
                                            [0] => WPCF7_Pipe Object
                                                (
                                                    [before] => Садовод
                                                    [after] => Садовод
                                                )

                                        )

                                )

                            [labels] => Array
                                (
                                    [0] => Садовод
                                )

                            [attr] => 
                            [content] => 
                        )

                    [4] => WPCF7_FormTag Object
                        (
                            [type] => text*
                            [basetype] => text
                            [raw_name] => pass-845
                            [name] => pass-845
                            [options] => Array
                                (
                                    [0] => placeholder
                                )

                            [raw_values] => Array
                                (
                                    [0] => **********
                                )

                            [values] => Array
                                (
                                    [0] => **********
                                )

                            [pipes] => WPCF7_Pipes Object
                                (
                                    [pipes:WPCF7_Pipes:private] => Array
                                        (
                                            [0] => WPCF7_Pipe Object
                                                (
                                                    [before] => **********
                                                    [after] => **********
                                                )

                                        )

                                )

                            [labels] => Array
                                (
                                    [0] => **********
                                )

                            [attr] => 
                            [content] => 
                        )

                    [5] => WPCF7_FormTag Object
                        (
                            [type] => text*
                            [basetype] => text
                            [raw_name] => confirmpass-845
                            [name] => confirmpass-845
                            [options] => Array
                                (
                                    [0] => placeholder
                                )

                            [raw_values] => Array
                                (
                                    [0] => **********
                                )

                            [values] => Array
                                (
                                    [0] => **********
                                )

                            [pipes] => WPCF7_Pipes Object
                                (
                                    [pipes:WPCF7_Pipes:private] => Array
                                        (
                                            [0] => WPCF7_Pipe Object
                                                (
                                                    [before] => **********
                                                    [after] => **********
                                                )

                                        )

                                )

                            [labels] => Array
                                (
                                    [0] => **********
                                )

                            [attr] => 
                            [content] => 
                        )

                    [6] => WPCF7_FormTag Object
                        (
                            [type] => submit
                            [basetype] => submit
                            [raw_name] => 
                            [name] => 
                            [options] => Array
                                (
                                )

                            [raw_values] => Array
                                (
                                    [0] => Зарегистрироваться
                                )

                            [values] => Array
                                (
                                    [0] => Зарегистрироваться
                                )

                            [pipes] => WPCF7_Pipes Object
                                (
                                    [pipes:WPCF7_Pipes:private] => Array
                                        (
                                            [0] => WPCF7_Pipe Object
                                                (
                                                    [before] => Зарегистрироваться
                                                    [after] => Зарегистрироваться
                                                )

                                        )

                                )

                            [labels] => Array
                                (
                                    [0] => Зарегистрироваться
                                )

                            [attr] => 
                            [content] => 
                        )

                )

            [shortcode_atts:WPCF7_ContactForm:private] => Array
                (
                )

            [hash:WPCF7_ContactForm:private] => 4b41cf201ad8beb4da8b30ddd4a55cd38af4f22c
            [schema:protected] => WPCF7_SWV_Schema Object
                (
                    [rules:protected] => Array
                        (
                            [0] => WPCF7_SWV_RequiredRule Object
                                (
                                    [properties:protected] => Array
                                        (
                                            [field] => fio-845
                                            [error] => Пожалуйста, заполните это поле.
                                        )

                                )

                            [1] => WPCF7_SWV_RequiredRule Object
                                (
                                    [properties:protected] => Array
                                        (
                                            [field] => email-646
                                            [error] => Пожалуйста, заполните это поле.
                                        )

                                )

                            [2] => WPCF7_SWV_EmailRule Object
                                (
                                    [properties:protected] => Array
                                        (
                                            [field] => email-646
                                            [error] => Пожалуйста, введите адрес электронной почты.
                                        )

                                )

                            [3] => WPCF7_SWV_RequiredRule Object
                                (
                                    [properties:protected] => Array
                                        (
                                            [field] => tel-625
                                            [error] => Пожалуйста, заполните это поле.
                                        )

                                )

                            [4] => WPCF7_SWV_TelRule Object
                                (
                                    [properties:protected] => Array
                                        (
                                            [field] => tel-625
                                            [error] => Пожалуйста, введите номер телефона.
                                        )

                                )

                            [5] => WPCF7_SWV_RequiredRule Object
                                (
                                    [properties:protected] => Array
                                        (
                                            [field] => namesnt-845
                                            [error] => Пожалуйста, заполните это поле.
                                        )

                                )

                            [6] => WPCF7_SWV_RequiredRule Object
                                (
                                    [properties:protected] => Array
                                        (
                                            [field] => pass-845
                                            [error] => Пожалуйста, заполните это поле.
                                        )

                                )

                            [7] => WPCF7_SWV_RequiredRule Object
                                (
                                    [properties:protected] => Array
                                        (
                                            [field] => confirmpass-845
                                            [error] => Пожалуйста, заполните это поле.
                                        )

                                )

                        )

                    [properties:protected] => Array
                        (
                            [version] => Contact Form 7 SWV Schema 2023-07
                            [locale] => ru_RU
                        )

                )

        )

    [status:WPCF7_Submission:private] => init
    [posted_data:WPCF7_Submission:private] => Array
        (
            [fio-845] => fgfdgdfgfd
            [email-646] => 777sot@mail.ru
            [tel-625] => 7878
            [namesnt-845] => dgdfgdg
            [pass-845] => dfgdfg
            [confirmpass-845] => dfgdg
        )

    [posted_data_hash:WPCF7_Submission:private] => e58e8dae004dd07af5eb380712c84bcc
    [skip_spam_check:WPCF7_Submission:private] => 
    [uploaded_files:WPCF7_Submission:private] => Array
        (
        )

    [extra_attachments:WPCF7_Submission:private] => Array
        (
        )

    [skip_mail:WPCF7_Submission:private] => 
    [response:WPCF7_Submission:private] => 
    [invalid_fields:WPCF7_Submission:private] => Array
        (
        )

    [meta:WPCF7_Submission:private] => Array
        (
            [timestamp] => 1695734077
            [remote_ip] => 185.16.28.28
            [remote_port] => 45864
            [user_agent] => Mozilla/5.0 (Windows NT 10.0; Win64; x64) AppleWebKit/537.36 (KHTML, like Gecko) Chrome/109.0.0.0 Safari/537.36
            [url] => https://gissnt.ru/register/
            [unit_tag] => wpcf7-f73-o1
            [container_post_id] => 0
            [current_user_id] => 0
            [do_not_store] => 
        )

    [consent:WPCF7_Submission:private] => Array
        (
        )

    [spam_log:WPCF7_Submission:private] => Array
        (
        )

    [result_props:WPCF7_Submission:private] => Array
        (
        )

    [pocket:protected] => Array
        (
        )

)

[26-Sep-2023 13:16:24 UTC] 
[26-Sep-2023 13:16:26 UTC] 
[26-Sep-2023 13:16:35 UTC] 
[26-Sep-2023 13:16:35 UTC] PHP Warning:  Undefined array key "name" in /var/www/u2205630/data/www/gissnt.ru/wp-content/themes/sadovod/functions.php on line 126
[26-Sep-2023 13:16:35 UTC] PHP Warning:  Undefined array key "email" in /var/www/u2205630/data/www/gissnt.ru/wp-content/themes/sadovod/functions.php on line 127
[26-Sep-2023 13:16:35 UTC] 
[26-Sep-2023 13:17:36 UTC] 
[26-Sep-2023 13:18:17 UTC] 
[26-Sep-2023 13:19:36 UTC] 
[26-Sep-2023 13:20:17 UTC] 
[26-Sep-2023 13:21:36 UTC] 
[26-Sep-2023 13:22:17 UTC] 
[26-Sep-2023 13:22:50 UTC] PHP Warning:  Undefined array key "name" in /var/www/u2205630/data/www/gissnt.ru/wp-content/themes/sadovod/functions.php on line 126
[26-Sep-2023 13:22:50 UTC] PHP Warning:  Undefined array key "email" in /var/www/u2205630/data/www/gissnt.ru/wp-content/themes/sadovod/functions.php on line 127
[26-Sep-2023 13:25:31 UTC] PHP Warning:  Undefined array key "name" in /var/www/u2205630/data/www/gissnt.ru/wp-content/themes/sadovod/functions.php on line 126
[26-Sep-2023 13:25:31 UTC] PHP Warning:  Undefined array key "email" in /var/www/u2205630/data/www/gissnt.ru/wp-content/themes/sadovod/functions.php on line 127
[26-Sep-2023 13:31:09 UTC] PHP Warning:  Undefined array key "name" in /var/www/u2205630/data/www/gissnt.ru/wp-content/themes/sadovod/functions.php on line 126
[26-Sep-2023 13:31:09 UTC] PHP Warning:  Undefined array key "email" in /var/www/u2205630/data/www/gissnt.ru/wp-content/themes/sadovod/functions.php on line 127
[26-Sep-2023 13:32:27 UTC] PHP Warning:  Undefined array key "name" in /var/www/u2205630/data/www/gissnt.ru/wp-content/themes/sadovod/functions.php on line 126
[26-Sep-2023 13:32:27 UTC] PHP Warning:  Undefined array key "email" in /var/www/u2205630/data/www/gissnt.ru/wp-content/themes/sadovod/functions.php on line 127
[26-Sep-2023 13:32:55 UTC] PHP Warning:  Undefined array key "name" in /var/www/u2205630/data/www/gissnt.ru/wp-content/themes/sadovod/functions.php on line 126
[26-Sep-2023 13:32:55 UTC] PHP Warning:  Undefined array key "email" in /var/www/u2205630/data/www/gissnt.ru/wp-content/themes/sadovod/functions.php on line 127
[26-Sep-2023 13:34:12 UTC] PHP Warning:  Undefined array key "name" in /var/www/u2205630/data/www/gissnt.ru/wp-content/themes/sadovod/functions.php on line 126
[26-Sep-2023 13:34:12 UTC] PHP Warning:  Undefined array key "email" in /var/www/u2205630/data/www/gissnt.ru/wp-content/themes/sadovod/functions.php on line 127
[26-Sep-2023 13:34:18 UTC] PHP Warning:  Undefined array key "name" in /var/www/u2205630/data/www/gissnt.ru/wp-content/themes/sadovod/functions.php on line 126
[26-Sep-2023 13:34:18 UTC] PHP Warning:  Undefined array key "email" in /var/www/u2205630/data/www/gissnt.ru/wp-content/themes/sadovod/functions.php on line 127
[26-Sep-2023 13:35:34 UTC] PHP Warning:  Undefined array key "name" in /var/www/u2205630/data/www/gissnt.ru/wp-content/themes/sadovod/functions.php on line 126
[26-Sep-2023 13:35:34 UTC] PHP Warning:  Undefined array key "email" in /var/www/u2205630/data/www/gissnt.ru/wp-content/themes/sadovod/functions.php on line 127
[26-Sep-2023 13:41:58 UTC] PHP Fatal error:  Uncaught TypeError: array_merge(): Argument #2 must be of type array, null given in /var/www/u2205630/data/www/gissnt.ru/wp-content/plugins/contact-form-7/includes/submission.php:511
Stack trace:
#0 /var/www/u2205630/data/www/gissnt.ru/wp-content/plugins/contact-form-7/includes/submission.php(511): array_merge(Array, NULL)
#1 /var/www/u2205630/data/www/gissnt.ru/wp-content/plugins/contact-form-7/includes/submission.php(460): WPCF7_Submission->create_posted_data_hash()
#2 /var/www/u2205630/data/www/gissnt.ru/wp-content/plugins/contact-form-7/includes/submission.php(80): WPCF7_Submission->setup_posted_data()
#3 [internal function]: WPCF7_Submission->{closure}()
#4 /var/www/u2205630/data/www/gissnt.ru/wp-content/plugins/contact-form-7/includes/l10n.php(147): call_user_func(Object(Closure))
#5 /var/www/u2205630/data/www/gissnt.ru/wp-content/plugins/contact-form-7/includes/submission.php(131): wpcf7_switch_locale('ru_RU', Object(Closure))
#6 /var/www/u2205630/data/www/gissnt.ru/wp-content/plugins/contact-form-7/includes/submission.php(35): WPCF7_Submission->proceed()
#7 /var/www/u2205630/data/www/gissnt.ru/wp-content/plugins/contact-form-7/includes/contact-form.php(1062): WPCF7_Submission::get_instance(Object(WPCF7_ContactForm), Array)
#8 /var/www/u2205630/data/www/gissnt.ru/wp-content/plugins/contact-form-7/includes/rest-api.php(358): WPCF7_ContactForm->submit()
#9 /var/www/u2205630/data/www/gissnt.ru/wp-includes/rest-api/class-wp-rest-server.php(1188): WPCF7_REST_Controller->create_feedback(Object(WP_REST_Request))
#10 /var/www/u2205630/data/www/gissnt.ru/wp-includes/rest-api/class-wp-rest-server.php(1035): WP_REST_Server->respond_to_request(Object(WP_REST_Request), '/contact-form-7...', Array, NULL)
#11 /var/www/u2205630/data/www/gissnt.ru/wp-includes/rest-api/class-wp-rest-server.php(447): WP_REST_Server->dispatch(Object(WP_REST_Request))
#12 /var/www/u2205630/data/www/gissnt.ru/wp-includes/rest-api.php(418): WP_REST_Server->serve_request('/contact-form-7...')
#13 /var/www/u2205630/data/www/gissnt.ru/wp-includes/class-wp-hook.php(310): rest_api_loaded(Object(WP))
#14 /var/www/u2205630/data/www/gissnt.ru/wp-includes/class-wp-hook.php(334): WP_Hook->apply_filters('', Array)
#15 /var/www/u2205630/data/www/gissnt.ru/wp-includes/plugin.php(565): WP_Hook->do_action(Array)
#16 /var/www/u2205630/data/www/gissnt.ru/wp-includes/class-wp.php(398): do_action_ref_array('parse_request', Array)
#17 /var/www/u2205630/data/www/gissnt.ru/wp-includes/class-wp.php(779): WP->parse_request('')
#18 /var/www/u2205630/data/www/gissnt.ru/wp-includes/functions.php(1335): WP->main('')
#19 /var/www/u2205630/data/www/gissnt.ru/wp-blog-header.php(16): wp()
#20 /var/www/u2205630/data/www/gissnt.ru/index.php(17): require('/var/www/u22056...')
#21 {main}
  thrown in /var/www/u2205630/data/www/gissnt.ru/wp-content/plugins/contact-form-7/includes/submission.php on line 511
[26-Sep-2023 13:46:03 UTC] PHP Fatal error:  Uncaught TypeError: array_merge(): Argument #2 must be of type array, null given in /var/www/u2205630/data/www/gissnt.ru/wp-content/plugins/contact-form-7/includes/submission.php:511
Stack trace:
#0 /var/www/u2205630/data/www/gissnt.ru/wp-content/plugins/contact-form-7/includes/submission.php(511): array_merge(Array, NULL)
#1 /var/www/u2205630/data/www/gissnt.ru/wp-content/plugins/contact-form-7/includes/submission.php(460): WPCF7_Submission->create_posted_data_hash()
#2 /var/www/u2205630/data/www/gissnt.ru/wp-content/plugins/contact-form-7/includes/submission.php(80): WPCF7_Submission->setup_posted_data()
#3 [internal function]: WPCF7_Submission->{closure}()
#4 /var/www/u2205630/data/www/gissnt.ru/wp-content/plugins/contact-form-7/includes/l10n.php(147): call_user_func(Object(Closure))
#5 /var/www/u2205630/data/www/gissnt.ru/wp-content/plugins/contact-form-7/includes/submission.php(131): wpcf7_switch_locale('ru_RU', Object(Closure))
#6 /var/www/u2205630/data/www/gissnt.ru/wp-content/plugins/contact-form-7/includes/submission.php(35): WPCF7_Submission->proceed()
#7 /var/www/u2205630/data/www/gissnt.ru/wp-content/plugins/contact-form-7/includes/contact-form.php(1062): WPCF7_Submission::get_instance(Object(WPCF7_ContactForm), Array)
#8 /var/www/u2205630/data/www/gissnt.ru/wp-content/plugins/contact-form-7/includes/rest-api.php(358): WPCF7_ContactForm->submit()
#9 /var/www/u2205630/data/www/gissnt.ru/wp-includes/rest-api/class-wp-rest-server.php(1188): WPCF7_REST_Controller->create_feedback(Object(WP_REST_Request))
#10 /var/www/u2205630/data/www/gissnt.ru/wp-includes/rest-api/class-wp-rest-server.php(1035): WP_REST_Server->respond_to_request(Object(WP_REST_Request), '/contact-form-7...', Array, NULL)
#11 /var/www/u2205630/data/www/gissnt.ru/wp-includes/rest-api/class-wp-rest-server.php(447): WP_REST_Server->dispatch(Object(WP_REST_Request))
#12 /var/www/u2205630/data/www/gissnt.ru/wp-includes/rest-api.php(418): WP_REST_Server->serve_request('/contact-form-7...')
#13 /var/www/u2205630/data/www/gissnt.ru/wp-includes/class-wp-hook.php(310): rest_api_loaded(Object(WP))
#14 /var/www/u2205630/data/www/gissnt.ru/wp-includes/class-wp-hook.php(334): WP_Hook->apply_filters('', Array)
#15 /var/www/u2205630/data/www/gissnt.ru/wp-includes/plugin.php(565): WP_Hook->do_action(Array)
#16 /var/www/u2205630/data/www/gissnt.ru/wp-includes/class-wp.php(398): do_action_ref_array('parse_request', Array)
#17 /var/www/u2205630/data/www/gissnt.ru/wp-includes/class-wp.php(779): WP->parse_request('')
#18 /var/www/u2205630/data/www/gissnt.ru/wp-includes/functions.php(1335): WP->main('')
#19 /var/www/u2205630/data/www/gissnt.ru/wp-blog-header.php(16): wp()
#20 /var/www/u2205630/data/www/gissnt.ru/index.php(17): require('/var/www/u22056...')
#21 {main}
  thrown in /var/www/u2205630/data/www/gissnt.ru/wp-content/plugins/contact-form-7/includes/submission.php on line 511
[26-Sep-2023 13:47:50 UTC] PHP Warning:  Undefined array key "fio-845" in /var/www/u2205630/data/www/gissnt.ru/wp-content/themes/sadovod/functions.php on line 135
[26-Sep-2023 13:48:10 UTC] PHP Warning:  Undefined array key "fio-845" in /var/www/u2205630/data/www/gissnt.ru/wp-content/themes/sadovod/functions.php on line 135
[26-Sep-2023 13:48:21 UTC] PHP Warning:  Undefined array key "fio-845" in /var/www/u2205630/data/www/gissnt.ru/wp-content/themes/sadovod/functions.php on line 135
[26-Sep-2023 13:54:09 UTC] PHP Warning:  Undefined variable $data in /var/www/u2205630/data/www/gissnt.ru/wp-content/themes/sadovod/functions.php on line 145
[26-Sep-2023 13:54:22 UTC] PHP Warning:  Undefined variable $data in /var/www/u2205630/data/www/gissnt.ru/wp-content/themes/sadovod/functions.php on line 145
[26-Sep-2023 13:55:13 UTC] PHP Warning:  Undefined variable $data in /var/www/u2205630/data/www/gissnt.ru/wp-content/themes/sadovod/functions.php on line 145
[26-Sep-2023 13:55:41 UTC] PHP Warning:  Undefined variable $data in /var/www/u2205630/data/www/gissnt.ru/wp-content/themes/sadovod/functions.php on line 145
[26-Sep-2023 13:56:22 UTC] PHP Warning:  Undefined variable $data in /var/www/u2205630/data/www/gissnt.ru/wp-content/themes/sadovod/functions.php on line 145
[26-Sep-2023 14:05:10 UTC] PHP Warning:  Trying to access array offset on value of type bool in /var/www/u2205630/data/www/gissnt.ru/wp-content/themes/sadovod/functions.php on line 134
[26-Sep-2023 14:05:10 UTC] PHP Warning:  Trying to access array offset on value of type null in /var/www/u2205630/data/www/gissnt.ru/wp-content/themes/sadovod/functions.php on line 134
[26-Sep-2023 14:05:52 UTC] PHP Warning:  Trying to access array offset on value of type bool in /var/www/u2205630/data/www/gissnt.ru/wp-content/themes/sadovod/functions.php on line 134
[26-Sep-2023 14:05:52 UTC] PHP Warning:  Trying to access array offset on value of type null in /var/www/u2205630/data/www/gissnt.ru/wp-content/themes/sadovod/functions.php on line 134
[26-Sep-2023 14:05:55 UTC] PHP Warning:  Trying to access array offset on value of type bool in /var/www/u2205630/data/www/gissnt.ru/wp-content/themes/sadovod/functions.php on line 134
[26-Sep-2023 14:05:55 UTC] PHP Warning:  Trying to access array offset on value of type null in /var/www/u2205630/data/www/gissnt.ru/wp-content/themes/sadovod/functions.php on line 134
[26-Sep-2023 14:07:15 UTC] PHP Warning:  Trying to access array offset on value of type bool in /var/www/u2205630/data/www/gissnt.ru/wp-content/themes/sadovod/layouts/templates/user/register.php on line 104
[26-Sep-2023 14:07:15 UTC] PHP Warning:  Trying to access array offset on value of type null in /var/www/u2205630/data/www/gissnt.ru/wp-content/themes/sadovod/layouts/templates/user/register.php on line 104
[26-Sep-2023 14:07:15 UTC] PHP Warning:  Undefined variable $data in /var/www/u2205630/data/www/gissnt.ru/wp-content/themes/sadovod/layouts/templates/user/register.php on line 107
[27-Sep-2023 10:07:06 UTC] PHP Warning:  Произошла непредвиденная ошибка. Возможно, что-то не так с сайтом WordPress.org или с настройками вашего сервера. Если проблема не решится, обратитесь на <a href="https://ru.wordpress.org/support/forums/">форумы поддержки</a>. (Не удалось установить защищённое соединение с WordPress.org. Пожалуйста, свяжитесь с администратором сервера.) in /var/www/u2205630/data/www/gissnt.ru/wp-includes/update.php on line 449
